#
# There is insufficient memory for the Java Runtime Environment to continue.
# Native memory allocation (malloc) failed to allocate 1013296 bytes for Chunk::new
# Possible reasons:
#   The system is out of physical RAM or swap space
#   The process is running with CompressedOops enabled, and the Java Heap may be blocking the growth of the native heap
# Possible solutions:
#   Reduce memory load on the system
#   Increase physical memory or swap space
#   Check if swap backing store is full
#   Decrease Java heap size (-Xmx/-Xms)
#   Decrease number of Java threads
#   Decrease Java thread stack sizes (-Xss)
#   Set larger code cache with -XX:ReservedCodeCacheSize=
#   JVM is running with Unscaled Compressed Oops mode in which the Java heap is
#     placed in the first 4GB address space. The Java Heap base address is the
#     maximum limit for the native heap growth. Please use -XX:HeapBaseMinAddress
#     to set the Java Heap base and to place the Java Heap above 4GB virtual address.
# This output file may be truncated or incomplete.
#
#  Out of Memory Error (allocation.cpp:389), pid=15364, tid=0x0000000000001e68
#
# JRE version: OpenJDK Runtime Environment (8.0_202-b03) (build 1.8.0_202-release-1483-b03)
# Java VM: OpenJDK 64-Bit Server VM (25.202-b03 mixed mode windows-amd64 compressed oops)
# Failed to write core dump. Minidumps are not enabled by default on client versions of Windows
#

---------------  T H R E A D  ---------------

Current thread (0x0000000016cbb800):  JavaThread "C2 CompilerThread0" daemon [_thread_in_native, id=7784, stack(0x0000000018650000,0x0000000018750000)]

Stack: [0x0000000018650000,0x0000000018750000]
[error occurred during error reporting (printing stack bounds), id 0xc0000005]

Native frames: (J=compiled Java code, j=interpreted, Vv=VM code, C=native code)


Current CompileTask:
C2:  33384 12922 %     4       com.android.tools.r8.dex.DexParser::a @ 59 (1971 bytes)


---------------  P R O C E S S  ---------------

Java Threads: ( => current thread )
  0x000000001ed0d000 JavaThread "ForkJoinPool-2-worker-0" daemon [_thread_blocked, id=13108, stack(0x0000000027e50000,0x0000000027f50000)]
  0x000000001ed05800 JavaThread "ForkJoinPool-2-worker-3" daemon [_thread_in_Java, id=1856, stack(0x0000000027d50000,0x0000000027e50000)]
  0x000000001ed0c800 JavaThread "ForkJoinPool-2-worker-2" daemon [_thread_in_Java, id=8584, stack(0x0000000026f50000,0x0000000027050000)]
  0x000000001ed0a000 JavaThread "ForkJoinPool-2-worker-1" daemon [_thread_in_Java, id=8996, stack(0x0000000025480000,0x0000000025580000)]
  0x000000001ed04000 JavaThread "WorkerExecutor Queue Thread 5" [_thread_blocked, id=7152, stack(0x0000000027250000,0x0000000027350000)]
  0x000000001ed05000 JavaThread "ForkJoinPool.commonPool-worker-3" daemon [_thread_blocked, id=11488, stack(0x0000000027150000,0x0000000027250000)]
  0x000000001ed08000 JavaThread "ForkJoinPool.commonPool-worker-2" daemon [_thread_blocked, id=17324, stack(0x0000000027050000,0x0000000027150000)]
  0x000000001e054000 JavaThread "Cache worker for Java compile cache (C:\Users\kjh97\MDVER1\.gradle\5.4.1\javaCompile)" [_thread_blocked, id=3968, stack(0x0000000026850000,0x0000000026950000)]
  0x000000001e053800 JavaThread "Cache worker for Java compile cache (C:\Users\kjh97\.gradle\caches\5.4.1\javaCompile)" [_thread_blocked, id=3076, stack(0x0000000026750000,0x0000000026850000)]
  0x000000001e052000 JavaThread "stdout" [_thread_in_native, id=4376, stack(0x0000000026650000,0x0000000026750000)]
  0x000000001e051000 JavaThread "stderr" [_thread_in_native, id=12404, stack(0x0000000026550000,0x0000000026650000)]
  0x000000001e050800 JavaThread "stdout" [_thread_in_native, id=8032, stack(0x0000000026450000,0x0000000026550000)]
  0x000000001e04f800 JavaThread "stderr" [_thread_in_native, id=2836, stack(0x0000000026350000,0x0000000026450000)]
  0x000000001e04f000 JavaThread "stdout" [_thread_in_native, id=5776, stack(0x0000000026250000,0x0000000026350000)]
  0x000000001e04e000 JavaThread "stderr" [_thread_in_native, id=15224, stack(0x0000000026150000,0x0000000026250000)]
  0x000000001e046800 JavaThread "stdout" [_thread_in_native, id=4464, stack(0x0000000026050000,0x0000000026150000)]
  0x000000001e048000 JavaThread "stderr" [_thread_in_native, id=14416, stack(0x0000000025f50000,0x0000000026050000)]
  0x000000001e04d800 JavaThread "pool-2-thread-1" [_thread_blocked, id=16640, stack(0x0000000025e50000,0x0000000025f50000)]
  0x000000001e046000 JavaThread "MarlinRenderer Disposer" daemon [_thread_blocked, id=12296, stack(0x0000000025b50000,0x0000000025c50000)]
  0x000000001e04c800 JavaThread "Java2D Disposer" daemon [_thread_blocked, id=12532, stack(0x0000000025980000,0x0000000025a80000)]
  0x000000001e049800 JavaThread "WorkerExecutor Queue Thread 4" [_thread_blocked, id=14228, stack(0x0000000025680000,0x0000000025780000)]
  0x000000001e04b000 JavaThread "WorkerExecutor Queue Thread 3" [_thread_in_native, id=12084, stack(0x0000000025580000,0x0000000025680000)]
  0x000000001e047800 JavaThread "WorkerExecutor Queue" [_thread_blocked, id=14660, stack(0x0000000024140000,0x0000000024240000)]
  0x000000001e049000 JavaThread "Cache worker for execution history cache (C:\Users\kjh97\MDVER1\.gradle\5.4.1\executionHistory)" [_thread_blocked, id=2184, stack(0x0000000024040000,0x0000000024140000)]
  0x000000001c8a7800 JavaThread "Execution worker for ':' Thread 3" [_thread_blocked, id=5248, stack(0x0000000023f40000,0x0000000024040000)]
  0x000000001c8a6800 JavaThread "Execution worker for ':' Thread 2" [_thread_blocked, id=14944, stack(0x0000000023e40000,0x0000000023f40000)]
  0x000000001c8a5000 JavaThread "Execution worker for ':'" [_thread_blocked, id=1272, stack(0x0000000023d40000,0x0000000023e40000)]
  0x000000001c8a2000 JavaThread "Cache worker for file content cache (C:\Users\kjh97\MDVER1\.gradle\5.4.1\fileContent)" [_thread_blocked, id=13224, stack(0x0000000023380000,0x0000000023480000)]
  0x000000001c89a800 JavaThread "Cache worker for file content cache (C:\Users\kjh97\.gradle\caches\5.4.1\fileContent)" [_thread_blocked, id=13612, stack(0x0000000023280000,0x0000000023380000)]
  0x000000001c8a1800 JavaThread "Memory manager" [_thread_blocked, id=2292, stack(0x0000000022b60000,0x0000000022c60000)]
  0x000000001c89d000 JavaThread "Cache worker for Build Output Cleanup Cache (C:\Users\kjh97\MDVER1\.gradle\buildOutputCleanup)" [_thread_blocked, id=2200, stack(0x0000000021190000,0x0000000021290000)]
  0x000000001c899000 JavaThread "pool-1-thread-1" [_thread_blocked, id=7016, stack(0x0000000020f30000,0x0000000021030000)]
  0x000000001c8a0000 JavaThread "Build operations Thread 4" [_thread_blocked, id=11992, stack(0x0000000020e30000,0x0000000020f30000)]
  0x000000001c89d800 JavaThread "Build operations Thread 3" [_thread_blocked, id=16604, stack(0x0000000020d30000,0x0000000020e30000)]
  0x000000001c898800 JavaThread "Build operations Thread 2" [_thread_blocked, id=8260, stack(0x0000000020c30000,0x0000000020d30000)]
  0x000000001c89c000 JavaThread "Build operations" [_thread_blocked, id=876, stack(0x0000000020b30000,0x0000000020c30000)]
  0x000000001c89f000 JavaThread "Cache worker for execution history cache (C:\Users\kjh97\.gradle\caches\5.4.1\executionHistory)" [_thread_blocked, id=8288, stack(0x0000000021090000,0x0000000021190000)]
  0x0000000018e4e000 JavaThread "Cache worker for cache directory md-rule (C:\Users\kjh97\.gradle\caches\5.4.1\md-rule)" [_thread_blocked, id=11416, stack(0x0000000020830000,0x0000000020930000)]
  0x0000000018e4d000 JavaThread "Cache worker for cache directory md-supplier (C:\Users\kjh97\.gradle\caches\5.4.1\md-supplier)" [_thread_blocked, id=11800, stack(0x0000000020730000,0x0000000020830000)]
  0x0000000018e4f800 JavaThread "Cache worker for file hash cache (C:\Users\kjh97\MDVER1\.gradle\5.4.1\fileHashes)" [_thread_blocked, id=16200, stack(0x000000001dc30000,0x000000001dd30000)]
  0x0000000018e4a800 JavaThread "Cache worker for journal cache (C:\Users\kjh97\.gradle\caches\journal-1)" [_thread_blocked, id=4860, stack(0x000000001b600000,0x000000001b700000)]
  0x0000000018e4a000 JavaThread "File lock request listener" [_thread_in_native, id=13476, stack(0x000000001b500000,0x000000001b600000)]
  0x0000000019050800 JavaThread "Cache worker for file hash cache (C:\Users\kjh97\.gradle\caches\5.4.1\fileHashes)" [_thread_blocked, id=13540, stack(0x000000001b200000,0x000000001b300000)]
  0x0000000019070800 JavaThread "Thread-9" [_thread_blocked, id=3992, stack(0x000000001b100000,0x000000001b200000)]
  0x000000001906b800 JavaThread "Stdin handler" [_thread_blocked, id=11560, stack(0x000000001b000000,0x000000001b100000)]
  0x000000001906a000 JavaThread "Asynchronous log dispatcher for DefaultDaemonConnection: socket connection from /127.0.0.1:61208 to /127.0.0.1:61209" [_thread_blocked, id=15044, stack(0x000000001af00000,0x000000001b000000)]
  0x00000000180e5000 JavaThread "Daemon worker" [_thread_blocked, id=12024, stack(0x000000001ae00000,0x000000001af00000)]
  0x0000000018bac800 JavaThread "Cancel handler" [_thread_blocked, id=12112, stack(0x000000001ad00000,0x000000001ae00000)]
  0x0000000018d66800 JavaThread "Handler for socket connection from /127.0.0.1:61208 to /127.0.0.1:61209" [_thread_in_native, id=16404, stack(0x000000001aa00000,0x000000001ab00000)]
  0x0000000018d96800 JavaThread "Daemon" [_thread_blocked, id=6844, stack(0x000000001a900000,0x000000001aa00000)]
  0x0000000018d81000 JavaThread "Daemon periodic checks" [_thread_blocked, id=13924, stack(0x000000001a800000,0x000000001a900000)]
  0x0000000018d43800 JavaThread "Incoming local TCP Connector on port 61208" [_thread_in_native, id=15192, stack(0x000000001a620000,0x000000001a720000)]
  0x0000000019c94800 JavaThread "Daemon health stats" [_thread_blocked, id=15228, stack(0x000000001a320000,0x000000001a420000)]
  0x000000001806b800 JavaThread "Service Thread" daemon [_thread_blocked, id=16056, stack(0x0000000018950000,0x0000000018a50000)]
  0x000000001805b000 JavaThread "C1 CompilerThread2" daemon [_thread_blocked, id=4992, stack(0x0000000018850000,0x0000000018950000)]
  0x0000000016cbe800 JavaThread "C2 CompilerThread1" daemon [_thread_in_native, id=13820, stack(0x0000000018750000,0x0000000018850000)]
=>0x0000000016cbb800 JavaThread "C2 CompilerThread0" daemon [_thread_in_native, id=7784, stack(0x0000000018650000,0x0000000018750000)]
  0x0000000016c6f800 JavaThread "Attach Listener" daemon [_thread_blocked, id=10220, stack(0x0000000018550000,0x0000000018650000)]
  0x0000000018058800 JavaThread "Signal Dispatcher" daemon [_thread_blocked, id=14304, stack(0x0000000018450000,0x0000000018550000)]
  0x00000000032ed000 JavaThread "Finalizer" daemon [_thread_blocked, id=7964, stack(0x0000000017ec0000,0x0000000017fc0000)]
  0x0000000016c49000 JavaThread "Reference Handler" daemon [_thread_blocked, id=2960, stack(0x0000000017dc0000,0x0000000017ec0000)]
  0x00000000031f2800 JavaThread "main" [_thread_blocked, id=14348, stack(0x00000000030f0000,0x00000000031f0000)]

Other Threads:
  0x0000000016c27000 VMThread [stack: 0x0000000017cc0000,0x0000000017dc0000] [id=16476]
  0x000000001806c800 WatcherThread [stack: 0x0000000018a50000,0x0000000018b50000] [id=16156]

VM state:not at safepoint (normal execution)

VM Mutex/Monitor currently owned by a thread: None

heap address: 0x00000000a0000000, size: 1536 MB, Compressed Oops mode: 32-bit
Narrow klass base: 0x0000000000000000, Narrow klass shift: 3
Compressed class space size: 1073741824 Address: 0x0000000100000000

Heap:
 PSYoungGen      total 251904K, used 235669K [0x00000000e0000000, 0x00000000f4f80000, 0x0000000100000000)
  eden space 230400K, 99% used [0x00000000e0000000,0x00000000edfa1200,0x00000000ee100000)
  from space 21504K, 31% used [0x00000000ee100000,0x00000000ee7844a8,0x00000000ef600000)
  to   space 20480K, 0% used [0x00000000f3b80000,0x00000000f3b80000,0x00000000f4f80000)
 ParOldGen       total 117248K, used 38231K [0x00000000a0000000, 0x00000000a7280000, 0x00000000e0000000)
  object space 117248K, 32% used [0x00000000a0000000,0x00000000a2555ca0,0x00000000a7280000)
 Metaspace       used 81033K, capacity 84284K, committed 84440K, reserved 1122304K
  class space    used 10751K, capacity 11411K, committed 11520K, reserved 1048576K

Card table byte_map: [0x00000000126b0000,0x00000000129c0000] byte_map_base: 0x00000000121b0000

Marking Bits: (ParMarkBitMap*) 0x000000006e7a9f30
 Begin Bits: [0x0000000012fc0000, 0x00000000147c0000)
 End Bits:   [0x00000000147c0000, 0x0000000015fc0000)

Polling page: 0x0000000000df0000

CodeCache: size=245760Kb used=36278Kb max_used=37473Kb free=209481Kb
 bounds [0x00000000032f0000, 0x00000000057f0000, 0x00000000122f0000]
 total_blobs=12066 nmethods=11100 adapters=877
 compilation: enabled

Compilation events (10 events):
Event: 33.352 Thread 0x000000001805b000 nmethod 13089 0x0000000004e53290 code [0x0000000004e53400, 0x0000000004e53670]
Event: 33.368 Thread 0x000000001805b000 13101 %     3       com.android.tools.r8.dex.DexParser::a @ 62 (1326 bytes)
Event: 33.381 Thread 0x000000001805b000 nmethod 13101% 0x0000000003b86650 code [0x0000000003b87300, 0x0000000003b91538]
Event: 33.381 Thread 0x000000001805b000 13113       1       com.android.tools.r8.graph.DexDebugEvent$AdvancePC::hashCode (10 bytes)
Event: 33.381 Thread 0x000000001805b000 nmethod 13113 0x00000000049b9010 code [0x00000000049b9160, 0x00000000049b9270]
Event: 33.381 Thread 0x000000001805b000 13111       1       com.android.tools.r8.graph.DexDebugEvent$a::hashCode (10 bytes)
Event: 33.381 Thread 0x000000001805b000 nmethod 13111 0x0000000004a8efd0 code [0x0000000004a8f120, 0x0000000004a8f230]
Event: 33.381 Thread 0x000000001805b000 13106       2       com.android.tools.r8.graph.DexTypeList::b (90 bytes)
Event: 33.382 Thread 0x000000001805b000 nmethod 13106 0x0000000004e03690 code [0x0000000004e03820, 0x0000000004e03b78]
Event: 33.382 Thread 0x000000001805b000 13108       2       com.android.tools.r8.dex.DexParser::c (173 bytes)

GC Heap History (10 events):
Event: 15.052 GC heap before
{Heap before GC invocations=14 (full 2):
 PSYoungGen      total 169472K, used 17010K [0x00000000e0000000, 0x00000000ecb80000, 0x0000000100000000)
  eden space 155648K, 2% used [0x00000000e0000000,0x00000000e0322df0,0x00000000e9800000)
  from space 13824K, 99% used [0x00000000e9800000,0x00000000ea579ac8,0x00000000ea580000)
  to   space 18432K, 0% used [0x00000000eb980000,0x00000000eb980000,0x00000000ecb80000)
 ParOldGen       total 90112K, used 28773K [0x00000000a0000000, 0x00000000a5800000, 0x00000000e0000000)
  object space 90112K, 31% used [0x00000000a0000000,0x00000000a1c194e8,0x00000000a5800000)
 Metaspace       used 57337K, capacity 59036K, committed 59096K, reserved 1099776K
  class space    used 7783K, capacity 8191K, committed 8192K, reserved 1048576K
Event: 15.067 GC heap after
Heap after GC invocations=14 (full 2):
 PSYoungGen      total 188928K, used 416K [0x00000000e0000000, 0x00000000f0680000, 0x0000000100000000)
  eden space 170496K, 0% used [0x00000000e0000000,0x00000000e0000000,0x00000000ea680000)
  from space 18432K, 2% used [0x00000000eb980000,0x00000000eb9e8000,0x00000000ecb80000)
  to   space 19456K, 0% used [0x00000000ea680000,0x00000000ea680000,0x00000000eb980000)
 ParOldGen       total 90112K, used 34824K [0x00000000a0000000, 0x00000000a5800000, 0x00000000e0000000)
  object space 90112K, 38% used [0x00000000a0000000,0x00000000a22023f8,0x00000000a5800000)
 Metaspace       used 57337K, capacity 59036K, committed 59096K, reserved 1099776K
  class space    used 7783K, capacity 8191K, committed 8192K, reserved 1048576K
}
Event: 15.067 GC heap before
{Heap before GC invocations=15 (full 3):
 PSYoungGen      total 188928K, used 416K [0x00000000e0000000, 0x00000000f0680000, 0x0000000100000000)
  eden space 170496K, 0% used [0x00000000e0000000,0x00000000e0000000,0x00000000ea680000)
  from space 18432K, 2% used [0x00000000eb980000,0x00000000eb9e8000,0x00000000ecb80000)
  to   space 19456K, 0% used [0x00000000ea680000,0x00000000ea680000,0x00000000eb980000)
 ParOldGen       total 90112K, used 34824K [0x00000000a0000000, 0x00000000a5800000, 0x00000000e0000000)
  object space 90112K, 38% used [0x00000000a0000000,0x00000000a22023f8,0x00000000a5800000)
 Metaspace       used 57337K, capacity 59036K, committed 59096K, reserved 1099776K
  class space    used 7783K, capacity 8191K, committed 8192K, reserved 1048576K
Event: 15.341 GC heap after
Heap after GC invocations=15 (full 3):
 PSYoungGen      total 188928K, used 0K [0x00000000e0000000, 0x00000000f0680000, 0x0000000100000000)
  eden space 170496K, 0% used [0x00000000e0000000,0x00000000e0000000,0x00000000ea680000)
  from space 18432K, 0% used [0x00000000eb980000,0x00000000eb980000,0x00000000ecb80000)
  to   space 19456K, 0% used [0x00000000ea680000,0x00000000ea680000,0x00000000eb980000)
 ParOldGen       total 117248K, used 28529K [0x00000000a0000000, 0x00000000a7280000, 0x00000000e0000000)
  object space 117248K, 24% used [0x00000000a0000000,0x00000000a1bdc6c0,0x00000000a7280000)
 Metaspace       used 57337K, capacity 59036K, committed 59096K, reserved 1099776K
  class space    used 7783K, capacity 8191K, committed 8192K, reserved 1048576K
}
Event: 20.118 GC heap before
{Heap before GC invocations=16 (full 3):
 PSYoungGen      total 188928K, used 170496K [0x00000000e0000000, 0x00000000f0680000, 0x0000000100000000)
  eden space 170496K, 100% used [0x00000000e0000000,0x00000000ea680000,0x00000000ea680000)
  from space 18432K, 0% used [0x00000000eb980000,0x00000000eb980000,0x00000000ecb80000)
  to   space 19456K, 0% used [0x00000000ea680000,0x00000000ea680000,0x00000000eb980000)
 ParOldGen       total 117248K, used 28529K [0x00000000a0000000, 0x00000000a7280000, 0x00000000e0000000)
  object space 117248K, 24% used [0x00000000a0000000,0x00000000a1bdc6c0,0x00000000a7280000)
 Metaspace       used 61914K, capacity 63942K, committed 64088K, reserved 1103872K
  class space    used 8359K, capacity 8820K, committed 8832K, reserved 1048576K
Event: 20.150 GC heap after
Heap after GC invocations=16 (full 3):
 PSYoungGen      total 189952K, used 17977K [0x00000000e0000000, 0x00000000f1180000, 0x0000000100000000)
  eden space 170496K, 0% used [0x00000000e0000000,0x00000000e0000000,0x00000000ea680000)
  from space 19456K, 92% used [0x00000000ea680000,0x00000000eb80e7b8,0x00000000eb980000)
  to   space 21504K, 0% used [0x00000000efc80000,0x00000000efc80000,0x00000000f1180000)
 ParOldGen       total 117248K, used 28537K [0x00000000a0000000, 0x00000000a7280000, 0x00000000e0000000)
  object space 117248K, 24% used [0x00000000a0000000,0x00000000a1bde6c0,0x00000000a7280000)
 Metaspace       used 61914K, capacity 63942K, committed 64088K, reserved 1103872K
  class space    used 8359K, capacity 8820K, committed 8832K, reserved 1048576K
}
Event: 26.001 GC heap before
{Heap before GC invocations=17 (full 3):
 PSYoungGen      total 189952K, used 188473K [0x00000000e0000000, 0x00000000f1180000, 0x0000000100000000)
  eden space 170496K, 100% used [0x00000000e0000000,0x00000000ea680000,0x00000000ea680000)
  from space 19456K, 92% used [0x00000000ea680000,0x00000000eb80e7b8,0x00000000eb980000)
  to   space 21504K, 0% used [0x00000000efc80000,0x00000000efc80000,0x00000000f1180000)
 ParOldGen       total 117248K, used 28537K [0x00000000a0000000, 0x00000000a7280000, 0x00000000e0000000)
  object space 117248K, 24% used [0x00000000a0000000,0x00000000a1bde6c0,0x00000000a7280000)
 Metaspace       used 66280K, capacity 68494K, committed 68696K, reserved 1107968K
  class space    used 8795K, capacity 9292K, committed 9344K, reserved 1048576K
Event: 26.017 GC heap after
Heap after GC invocations=17 (full 3):
 PSYoungGen      total 245248K, used 5585K [0x00000000e0000000, 0x00000000f0b00000, 0x0000000100000000)
  eden space 230400K, 0% used [0x00000000e0000000,0x00000000e0000000,0x00000000ee100000)
  from space 14848K, 37% used [0x00000000efc80000,0x00000000f01f44d0,0x00000000f0b00000)
  to   space 21504K, 0% used [0x00000000ee100000,0x00000000ee100000,0x00000000ef600000)
 ParOldGen       total 117248K, used 34729K [0x00000000a0000000, 0x00000000a7280000, 0x00000000e0000000)
  object space 117248K, 29% used [0x00000000a0000000,0x00000000a21ea6f8,0x00000000a7280000)
 Metaspace       used 66280K, capacity 68494K, committed 68696K, reserved 1107968K
  class space    used 8795K, capacity 9292K, committed 9344K, reserved 1048576K
}
Event: 30.076 GC heap before
{Heap before GC invocations=18 (full 3):
 PSYoungGen      total 245248K, used 235985K [0x00000000e0000000, 0x00000000f0b00000, 0x0000000100000000)
  eden space 230400K, 100% used [0x00000000e0000000,0x00000000ee100000,0x00000000ee100000)
  from space 14848K, 37% used [0x00000000efc80000,0x00000000f01f44d0,0x00000000f0b00000)
  to   space 21504K, 0% used [0x00000000ee100000,0x00000000ee100000,0x00000000ef600000)
 ParOldGen       total 117248K, used 34729K [0x00000000a0000000, 0x00000000a7280000, 0x00000000e0000000)
  object space 117248K, 29% used [0x00000000a0000000,0x00000000a21ea6f8,0x00000000a7280000)
 Metaspace       used 71814K, capacity 74038K, committed 74200K, reserved 1114112K
  class space    used 9420K, capacity 9924K, committed 9984K, reserved 1048576K
Event: 30.095 GC heap after
Heap after GC invocations=18 (full 3):
 PSYoungGen      total 251904K, used 6673K [0x00000000e0000000, 0x00000000f4f80000, 0x0000000100000000)
  eden space 230400K, 0% used [0x00000000e0000000,0x00000000e0000000,0x00000000ee100000)
  from space 21504K, 31% used [0x00000000ee100000,0x00000000ee7844a8,0x00000000ef600000)
  to   space 20480K, 0% used [0x00000000f3b80000,0x00000000f3b80000,0x00000000f4f80000)
 ParOldGen       total 117248K, used 38231K [0x00000000a0000000, 0x00000000a7280000, 0x00000000e0000000)
  object space 117248K, 32% used [0x00000000a0000000,0x00000000a2555ca0,0x00000000a7280000)
 Metaspace       used 71814K, capacity 74038K, committed 74200K, reserved 1114112K
  class space    used 9420K, capacity 9924K, committed 9984K, reserved 1048576K
}

Deoptimization events (10 events):
Event: 32.816 Thread 0x000000001c8a7800 Uncommon trap: reason=class_check action=maybe_recompile pc=0x0000000004bb1cf0 method=java.util.regex.Pattern$CharProperty$1.isSatisfiedBy(I)Z @ 5
Event: 32.816 Thread 0x000000001c8a7800 Uncommon trap: reason=class_check action=maybe_recompile pc=0x0000000004bb1cf0 method=java.util.regex.Pattern$CharProperty$1.isSatisfiedBy(I)Z @ 5
Event: 32.900 Thread 0x000000001ed04000 Uncommon trap: reason=unstable_if action=reinterpret pc=0x00000000052c11bc method=java.util.regex.Pattern$SliceU.match(Ljava/util/regex/Matcher;ILjava/lang/CharSequence;)Z @ 29
Event: 32.903 Thread 0x000000001ed04000 Uncommon trap: reason=class_check action=maybe_recompile pc=0x0000000003a4f680 method=java.util.Spliterators$1Adapter.hasNext()Z @ 12
Event: 32.907 Thread 0x000000001ed04000 Uncommon trap: reason=class_check action=maybe_recompile pc=0x0000000003a4f680 method=java.util.Spliterators$1Adapter.hasNext()Z @ 12
Event: 32.910 Thread 0x000000001ed04000 Uncommon trap: reason=class_check action=maybe_recompile pc=0x0000000003a4f680 method=java.util.Spliterators$1Adapter.hasNext()Z @ 12
Event: 32.911 Thread 0x000000001ed04000 Uncommon trap: reason=class_check action=maybe_recompile pc=0x0000000003a4f680 method=java.util.Spliterators$1Adapter.hasNext()Z @ 12
Event: 32.970 Thread 0x000000001ed04000 Uncommon trap: reason=unstable_if action=reinterpret pc=0x00000000054fe770 method=com.android.tools.r8.m.a.a.b.A0.b(I[Ljava/lang/Object;)Lcom/android/tools/r8/m/a/a/b/A0; @ 174
Event: 33.067 Thread 0x000000001ed04000 Uncommon trap: reason=unstable_if action=reinterpret pc=0x000000000574f788 method=com.android.tools.r8.dex.DexParser.g(I)Lcom/android/tools/r8/dex/DexSection; @ 12
Event: 33.202 Thread 0x000000001ed05800 Uncommon trap: reason=unstable_if action=reinterpret pc=0x0000000004973fec method=java.util.Arrays.hashCode([Ljava/lang/Object;)I @ 1

Classes redefined (0 events):
No events

Internal exceptions (10 events):
Event: 32.587 Thread 0x000000001e049800 Exception <a 'sun/nio/fs/WindowsException'> (0x00000000eac1cdf8) thrown at [D:\src\AOSP-openjdk-cygwin\jdk8u\hotspot\src\share\vm\prims\jni.cpp, line 710]
Event: 32.589 Thread 0x000000001e049800 Exception <a 'sun/nio/fs/WindowsException'> (0x00000000eac23310) thrown at [D:\src\AOSP-openjdk-cygwin\jdk8u\hotspot\src\share\vm\prims\jni.cpp, line 710]
Event: 32.592 Thread 0x000000001e049800 Exception <a 'sun/nio/fs/WindowsException'> (0x00000000ead75810) thrown at [D:\src\AOSP-openjdk-cygwin\jdk8u\hotspot\src\share\vm\prims\jni.cpp, line 710]
Event: 32.594 Thread 0x000000001e049800 Exception <a 'sun/nio/fs/WindowsException'> (0x00000000ead7cc28) thrown at [D:\src\AOSP-openjdk-cygwin\jdk8u\hotspot\src\share\vm\prims\jni.cpp, line 710]
Event: 32.596 Thread 0x000000001e049800 Exception <a 'sun/nio/fs/WindowsException'> (0x00000000ead833e0) thrown at [D:\src\AOSP-openjdk-cygwin\jdk8u\hotspot\src\share\vm\prims\jni.cpp, line 710]
Event: 32.601 Thread 0x000000001e049800 Exception <a 'sun/nio/fs/WindowsException'> (0x00000000ead8a998) thrown at [D:\src\AOSP-openjdk-cygwin\jdk8u\hotspot\src\share\vm\prims\jni.cpp, line 710]
Event: 32.603 Thread 0x000000001e049800 Exception <a 'sun/nio/fs/WindowsException'> (0x00000000ead90f48) thrown at [D:\src\AOSP-openjdk-cygwin\jdk8u\hotspot\src\share\vm\prims\jni.cpp, line 710]
Event: 32.863 Thread 0x000000001c8a6800 Exception <a 'java/lang/NoSuchMethodError': <clinit>> (0x00000000eb402ca8) thrown at [D:\src\AOSP-openjdk-cygwin\jdk8u\hotspot\src\share\vm\prims\jni.cpp, line 1614]
Event: 32.969 Thread 0x000000001ed04000 Exception <a 'sun/nio/fs/WindowsException'> (0x00000000eba862f8) thrown at [D:\src\AOSP-openjdk-cygwin\jdk8u\hotspot\src\share\vm\prims\jni.cpp, line 710]
Event: 33.202 Thread 0x000000001ed05800 Implicit null exception at 0x0000000004973eef to 0x0000000004973fdd

Events (10 events):
Event: 33.306 Thread 0x000000001805b000 flushing nmethod 0x000000000513cdd0
Event: 33.306 Thread 0x000000001805b000 flushing nmethod 0x0000000005151690
Event: 33.306 Thread 0x000000001805b000 flushing nmethod 0x00000000051b19d0
Event: 33.306 Thread 0x000000001805b000 flushing nmethod 0x00000000051b60d0
Event: 33.306 Thread 0x000000001805b000 flushing nmethod 0x00000000051b8e10
Event: 33.306 Thread 0x000000001805b000 flushing nmethod 0x00000000051b97d0
Event: 33.306 Thread 0x000000001805b000 flushing nmethod 0x00000000051ba4d0
Event: 33.306 Thread 0x000000001805b000 flushing nmethod 0x00000000051ccad0
Event: 33.306 Thread 0x000000001805b000 flushing nmethod 0x00000000051d1b90
Event: 33.306 Thread 0x000000001805b000 flushing nmethod 0x00000000051e9b10


Dynamic libraries:
0x00007ff63da30000 - 0x00007ff63da61000 	C:\Program Files\Android\Android Studio\jre\bin\java.exe
0x00007ffb86720000 - 0x00007ffb86910000 	C:\WINDOWS\SYSTEM32\ntdll.dll
0x00007ffb85250000 - 0x00007ffb85302000 	C:\WINDOWS\System32\KERNEL32.DLL
0x00007ffb84310000 - 0x00007ffb845b3000 	C:\WINDOWS\System32\KERNELBASE.dll
0x00007ffb85ba0000 - 0x00007ffb85c43000 	C:\WINDOWS\System32\ADVAPI32.dll
0x00007ffb85190000 - 0x00007ffb8522e000 	C:\WINDOWS\System32\msvcrt.dll
0x00007ffb84cf0000 - 0x00007ffb84d87000 	C:\WINDOWS\System32\sechost.dll
0x00007ffb86590000 - 0x00007ffb866b0000 	C:\WINDOWS\System32\RPCRT4.dll
0x00007ffb85a00000 - 0x00007ffb85b94000 	C:\WINDOWS\System32\USER32.dll
0x00007ffb847a0000 - 0x00007ffb847c1000 	C:\WINDOWS\System32\win32u.dll
0x00007ffb84ca0000 - 0x00007ffb84cc6000 	C:\WINDOWS\System32\GDI32.dll
0x00007ffb83850000 - 0x00007ffb839e4000 	C:\WINDOWS\System32\gdi32full.dll
0x00007ffb837b0000 - 0x00007ffb8384e000 	C:\WINDOWS\System32\msvcp_win.dll
0x00007ffb84620000 - 0x00007ffb8471a000 	C:\WINDOWS\System32\ucrtbase.dll
0x00007ffb718a0000 - 0x00007ffb71b25000 	C:\WINDOWS\WinSxS\amd64_microsoft.windows.common-controls_6595b64144ccf1df_6.0.18362.535_none_e6c3b34713100821\COMCTL32.dll
0x00007ffb85e00000 - 0x00007ffb86136000 	C:\WINDOWS\System32\combase.dll
0x00007ffb84720000 - 0x00007ffb847a0000 	C:\WINDOWS\System32\bcryptPrimitives.dll
0x00007ffb866b0000 - 0x00007ffb866de000 	C:\WINDOWS\System32\IMM32.DLL
0x000000006de20000 - 0x000000006def2000 	C:\Program Files\Android\Android Studio\jre\jre\bin\msvcr100.dll
0x000000006dfe0000 - 0x000000006e826000 	C:\Program Files\Android\Android Studio\jre\jre\bin\server\jvm.dll
0x00007ffb85230000 - 0x00007ffb85238000 	C:\WINDOWS\System32\PSAPI.DLL
0x00007ffb7f7a0000 - 0x00007ffb7f7c4000 	C:\WINDOWS\SYSTEM32\WINMM.dll
0x00007ffb7ad00000 - 0x00007ffb7ad0a000 	C:\WINDOWS\SYSTEM32\VERSION.dll
0x00007ffb7f770000 - 0x00007ffb7f79d000 	C:\WINDOWS\SYSTEM32\winmmbase.dll
0x00007ffb839f0000 - 0x00007ffb83a3a000 	C:\WINDOWS\System32\cfgmgr32.dll
0x00007ffb71390000 - 0x00007ffb71399000 	C:\WINDOWS\SYSTEM32\WSOCK32.dll
0x00007ffb862a0000 - 0x00007ffb8630f000 	C:\WINDOWS\System32\WS2_32.dll
0x00007ffb7e3f0000 - 0x00007ffb7e3ff000 	C:\Program Files\Android\Android Studio\jre\jre\bin\verify.dll
0x00007ffb7cd00000 - 0x00007ffb7cd29000 	C:\Program Files\Android\Android Studio\jre\jre\bin\java.dll
0x00007ffb7ca20000 - 0x00007ffb7ca36000 	C:\Program Files\Android\Android Studio\jre\jre\bin\zip.dll
0x00007ffb85310000 - 0x00007ffb859f5000 	C:\WINDOWS\System32\SHELL32.dll
0x00007ffb861f0000 - 0x00007ffb86299000 	C:\WINDOWS\System32\shcore.dll
0x00007ffb83a40000 - 0x00007ffb841bf000 	C:\WINDOWS\System32\windows.storage.dll
0x00007ffb83690000 - 0x00007ffb836af000 	C:\WINDOWS\System32\profapi.dll
0x00007ffb83600000 - 0x00007ffb8364a000 	C:\WINDOWS\System32\powrprof.dll
0x00007ffb835f0000 - 0x00007ffb83600000 	C:\WINDOWS\System32\UMPDC.dll
0x00007ffb84c40000 - 0x00007ffb84c92000 	C:\WINDOWS\System32\shlwapi.dll
0x00007ffb83650000 - 0x00007ffb83661000 	C:\WINDOWS\System32\kernel.appcore.dll
0x00007ffb83790000 - 0x00007ffb837a7000 	C:\WINDOWS\System32\cryptsp.dll
0x00007ffb7ca00000 - 0x00007ffb7ca1a000 	C:\Program Files\Android\Android Studio\jre\jre\bin\net.dll
0x00007ffb82e60000 - 0x00007ffb82ec7000 	C:\WINDOWS\system32\mswsock.dll
0x00007ffb7b740000 - 0x00007ffb7b751000 	C:\Program Files\Android\Android Studio\jre\jre\bin\nio.dll
0x00007ffb650b0000 - 0x00007ffb650d6000 	C:\Users\kjh97\.gradle\native\29\windows-amd64\native-platform.dll
0x00007ffb7e1f0000 - 0x00007ffb7e1fd000 	C:\Program Files\Android\Android Studio\jre\jre\bin\management.dll
0x00007ffb829a0000 - 0x00007ffb829d3000 	C:\WINDOWS\system32\rsaenh.dll
0x00007ffb836b0000 - 0x00007ffb836d6000 	C:\WINDOWS\System32\bcrypt.dll
0x00007ffb834e0000 - 0x00007ffb83505000 	C:\WINDOWS\SYSTEM32\USERENV.dll
0x00007ffb83030000 - 0x00007ffb8303c000 	C:\WINDOWS\SYSTEM32\CRYPTBASE.dll
0x00007ffb82b70000 - 0x00007ffb82baa000 	C:\WINDOWS\SYSTEM32\IPHLPAPI.DLL
0x00007ffb84f70000 - 0x00007ffb84f78000 	C:\WINDOWS\System32\NSI.dll
0x00007ffb76f10000 - 0x00007ffb76f26000 	C:\WINDOWS\SYSTEM32\dhcpcsvc6.DLL
0x00007ffb76da0000 - 0x00007ffb76dbc000 	C:\WINDOWS\SYSTEM32\dhcpcsvc.DLL
0x00007ffb82bb0000 - 0x00007ffb82c7a000 	C:\WINDOWS\SYSTEM32\DNSAPI.dll
0x00007ffb53d70000 - 0x00007ffb53f0c000 	C:\Program Files\Android\Android Studio\jre\jre\bin\awt.dll
0x00007ffb85d30000 - 0x00007ffb85df4000 	C:\WINDOWS\System32\OLEAUT32.dll
0x00007ffb81910000 - 0x00007ffb8193d000 	C:\WINDOWS\SYSTEM32\dwmapi.dll
0x00007ffb7f8a0000 - 0x00007ffb7fe60000 	C:\WINDOWS\SYSTEM32\d2d1.dll
0x00007ffb80c80000 - 0x00007ffb80d0f000 	C:\WINDOWS\SYSTEM32\apphelp.dll
0x00007ffb80d70000 - 0x00007ffb80e09000 	C:\WINDOWS\system32\uxtheme.dll

VM Arguments:
jvm_args: -Xmx1536m -Dfile.encoding=x-windows-949 -Duser.country=KR -Duser.language=ko -Duser.variant 
java_command: org.gradle.launcher.daemon.bootstrap.GradleDaemon 5.4.1
java_class_path (initial): C:\Users\kjh97\.gradle\wrapper\dists\gradle-5.4.1-all\3221gyojl5jsh0helicew7rwx\gradle-5.4.1\lib\gradle-launcher-5.4.1.jar
Launcher Type: SUN_STANDARD

Environment Variables:
PATH=C:\Program Files (x86)\Common Files\Oracle\Java\javapath;C:\Program Files (x86)\Intel\iCLS Client\;C:\Program Files\Intel\iCLS Client\;C:\WINDOWS\system32;C:\WINDOWS;C:\WINDOWS\System32\Wbem;C:\WINDOWS\System32\WindowsPowerShell\v1.0\;C:\Program Files (x86)\Intel\Intel(R) Management Engine Components\DAL;C:\Program Files\Intel\Intel(R) Management Engine Components\DAL;C:\Program Files (x86)\Intel\Intel(R) Management Engine Components\IPT;C:\Program Files\Intel\Intel(R) Management Engine Components\IPT;C:\Program Files\Intel\WiFi\bin\;C:\Program Files\Common Files\Intel\WirelessCommon\;C:\Program Files\dotnet\;C:\WINDOWS\System32\OpenSSH\;C:\Program Files (x86)\Windows Kits\10\Windows Performance Toolkit\;C:\Users\kjh97\Anaconda3;C:\Users\kjh97\Anaconda3\Library\mingw-w64\bin;C:\Users\kjh97\Anaconda3\Library\usr\bin;C:\Users\kjh97\Anaconda3\Library\bin;C:\Users\kjh97\Anaconda3\Scripts;C:\Users\kjh97\AppData\Local\Programs\Python\Python36\Scripts\;C:\Users\kjh97\AppData\Local\Programs\Python\Python36\;C:\Users\kjh97\AppData\Local\Microsoft\WindowsApps;C:\Program Files\JetBrains\PyCharm 2019.2.2\bin;C:\Program Files\JetBrains\PyCharm Community Edition 2019.2.2\bin;C:\Users\kjh97\AppData\Local\Google\Cloud SDK\google-cloud-sdk\bin;C:\Users\kjh97\AppData\Local\GitHubDesktop\bin
USERNAME=kjh97
OS=Windows_NT
PROCESSOR_IDENTIFIER=Intel64 Family 6 Model 142 Stepping 9, GenuineIntel



---------------  S Y S T E M  ---------------

OS: Windows 10.0 , 64 bit Build 18362 (10.0.18362.329)

CPU:total 4 (initial active 4) (2 cores per cpu, 2 threads per core) family 6 model 142 stepping 9, cmov, cx8, fxsr, mmx, sse, sse2, sse3, ssse3, sse4.1, sse4.2, popcnt, avx, avx2, aes, clmul, erms, 3dnowpref, lzcnt, ht, tsc, tscinvbit, bmi1, bmi2, adx

Memory: 4k page, physical 8296604k(1336980k free), swap 8296604k(5176k free)

vm_info: OpenJDK 64-Bit Server VM (25.202-b03) for windows-amd64 JRE (1.8.0_202-release-1483-b03), built by "builder" with MS VC++ 10.0 (VS2010)

time: Wed Jan 15 06:13:34 2020
timezone: 대한민국 표준시
elapsed time: 33 seconds (0d 0h 0m 33s)

