#
# There is insufficient memory for the Java Runtime Environment to continue.
# Native memory allocation (malloc) failed to allocate 32744 bytes for ChunkPool::allocate
# Possible reasons:
#   The system is out of physical RAM or swap space
#   The process is running with CompressedOops enabled, and the Java Heap may be blocking the growth of the native heap
# Possible solutions:
#   Reduce memory load on the system
#   Increase physical memory or swap space
#   Check if swap backing store is full
#   Decrease Java heap size (-Xmx/-Xms)
#   Decrease number of Java threads
#   Decrease Java thread stack sizes (-Xss)
#   Set larger code cache with -XX:ReservedCodeCacheSize=
#   JVM is running with Unscaled Compressed Oops mode in which the Java heap is
#     placed in the first 4GB address space. The Java Heap base address is the
#     maximum limit for the native heap growth. Please use -XX:HeapBaseMinAddress
#     to set the Java Heap base and to place the Java Heap above 4GB virtual address.
# This output file may be truncated or incomplete.
#
#  Out of Memory Error (allocation.cpp:272), pid=9480, tid=0x0000000000003b8c
#
# JRE version: OpenJDK Runtime Environment (8.0_202-b03) (build 1.8.0_202-release-1483-b03)
# Java VM: OpenJDK 64-Bit Server VM (25.202-b03 mixed mode windows-amd64 compressed oops)
# Failed to write core dump. Minidumps are not enabled by default on client versions of Windows
#

---------------  T H R E A D  ---------------

Current thread (0x0000000017d68800):  JavaThread "C1 CompilerThread2" daemon [_thread_in_native, id=15244, stack(0x0000000018510000,0x0000000018610000)]

Stack: [0x0000000018510000,0x0000000018610000]
[error occurred during error reporting (printing stack bounds), id 0xc0000005]

Native frames: (J=compiled Java code, j=interpreted, Vv=VM code, C=native code)


Current CompileTask:
C1: 279424 11268       3       com.android.tools.r8.ir.conversion.N::a (5667 bytes)


---------------  P R O C E S S  ---------------

Java Threads: ( => current thread )
  0x0000000019f93000 JavaThread "WorkerExecutor Queue Thread 5" [_thread_blocked, id=5332, stack(0x0000000026040000,0x0000000026140000)]
  0x0000000019f92800 JavaThread "WorkerExecutor Queue Thread 4" [_thread_in_vm, id=15604, stack(0x0000000025f40000,0x0000000026040000)]
  0x0000000019f91800 JavaThread "Cache worker for Java compile cache (C:\Users\kjh97\MDVER1\.gradle\5.4.1\javaCompile)" [_thread_blocked, id=7808, stack(0x0000000025a40000,0x0000000025b40000)]
  0x0000000019f87000 JavaThread "Cache worker for Java compile cache (C:\Users\kjh97\.gradle\caches\5.4.1\javaCompile)" [_thread_blocked, id=16156, stack(0x0000000025940000,0x0000000025a40000)]
  0x0000000019f88800 JavaThread "WorkerExecutor Queue Thread 3" [_thread_blocked, id=4984, stack(0x0000000025640000,0x0000000025740000)]
  0x0000000019f8f800 JavaThread "WorkerExecutor Queue Thread 2" [_thread_in_Java, id=13012, stack(0x0000000025540000,0x0000000025640000)]
  0x0000000019f8a000 JavaThread "stdout" [_thread_in_native, id=13984, stack(0x0000000025440000,0x0000000025540000)]
  0x0000000019f88000 JavaThread "stderr" [_thread_in_native, id=12720, stack(0x0000000025340000,0x0000000025440000)]
  0x0000000019f8e800 JavaThread "pool-3-thread-1" [_thread_blocked, id=3432, stack(0x0000000025240000,0x0000000025340000)]
  0x0000000019f8d000 JavaThread "WorkerExecutor Queue" [_thread_blocked, id=5704, stack(0x0000000024170000,0x0000000024270000)]
  0x0000000019f89800 JavaThread "Cache worker for execution history cache (C:\Users\kjh97\MDVER1\.gradle\5.4.1\executionHistory)" [_thread_blocked, id=7332, stack(0x0000000023e70000,0x0000000023f70000)]
  0x0000000019f8b000 JavaThread "Execution worker for ':' Thread 3" [_thread_blocked, id=10312, stack(0x0000000023b70000,0x0000000023c70000)]
  0x0000000019f8e000 JavaThread "Execution worker for ':' Thread 2" [_thread_blocked, id=11620, stack(0x0000000023a70000,0x0000000023b70000)]
  0x00000000193f5800 JavaThread "Execution worker for ':'" [_thread_blocked, id=10276, stack(0x0000000023970000,0x0000000023a70000)]
  0x00000000193f2800 JavaThread "Cache worker for file content cache (C:\Users\kjh97\MDVER1\.gradle\5.4.1\fileContent)" [_thread_blocked, id=8216, stack(0x0000000023870000,0x0000000023970000)]
  0x00000000193f5000 JavaThread "Cache worker for file content cache (C:\Users\kjh97\.gradle\caches\5.4.1\fileContent)" [_thread_blocked, id=3192, stack(0x0000000023350000,0x0000000023450000)]
  0x000000001dc61000 JavaThread "Cache worker for Build Output Cleanup Cache (C:\Users\kjh97\MDVER1\.gradle\buildOutputCleanup)" [_thread_blocked, id=12700, stack(0x0000000022550000,0x0000000022650000)]
  0x000000001dc5f000 JavaThread "pool-2-thread-1" [_thread_blocked, id=2792, stack(0x0000000022250000,0x0000000022350000)]
  0x000000001dc60800 JavaThread "Build operations Thread 4" [_thread_blocked, id=3712, stack(0x0000000021d50000,0x0000000021e50000)]
  0x000000001dc5f800 JavaThread "Build operations Thread 3" [_thread_blocked, id=6496, stack(0x0000000021c50000,0x0000000021d50000)]
  0x000000001dc5d800 JavaThread "Build operations Thread 2" [_thread_blocked, id=13232, stack(0x0000000021870000,0x0000000021970000)]
  0x000000001dc5c800 JavaThread "Build operations" [_thread_blocked, id=16360, stack(0x0000000021770000,0x0000000021870000)]
  0x000000001dc5e000 JavaThread "Cache worker for cache directory md-rule (C:\Users\kjh97\.gradle\caches\5.4.1\md-rule)" [_thread_blocked, id=13652, stack(0x00000000203a0000,0x00000000204a0000)]
  0x000000001dc5a800 JavaThread "Cache worker for cache directory md-supplier (C:\Users\kjh97\.gradle\caches\5.4.1\md-supplier)" [_thread_blocked, id=524, stack(0x00000000202a0000,0x00000000203a0000)]
  0x000000001dc53000 JavaThread "Cache worker for file hash cache (C:\Users\kjh97\MDVER1\.gradle\5.4.1\fileHashes)" [_thread_blocked, id=3548, stack(0x000000001e730000,0x000000001e830000)]
  0x000000001dc59000 JavaThread "Thread-32" [_thread_blocked, id=588, stack(0x000000001aec0000,0x000000001afc0000)]
  0x000000001dc58000 JavaThread "Stdin handler" [_thread_blocked, id=13188, stack(0x000000001abc0000,0x000000001acc0000)]
  0x000000001dc59800 JavaThread "Asynchronous log dispatcher for DefaultDaemonConnection: socket connection from /127.0.0.1:51319 to /127.0.0.1:51408" [_thread_blocked, id=7956, stack(0x000000001aac0000,0x000000001abc0000)]
  0x000000001dc56800 JavaThread "Daemon worker Thread 2" [_thread_blocked, id=8128, stack(0x000000001a7c0000,0x000000001a8c0000)]
  0x000000001dc53800 JavaThread "Cancel handler" [_thread_blocked, id=14620, stack(0x000000001a6c0000,0x000000001a7c0000)]
  0x000000001dc57800 JavaThread "Handler for socket connection from /127.0.0.1:51319 to /127.0.0.1:51408" [_thread_in_native, id=13668, stack(0x0000000002c80000,0x0000000002d80000)]
  0x000000001dc56000 JavaThread "Daemon Thread 2" [_thread_blocked, id=6800, stack(0x0000000000fe0000,0x00000000010e0000)]
  0x000000001dc5c000 JavaThread "Memory manager" [_thread_blocked, id=6336, stack(0x0000000022e50000,0x0000000022f50000)]
  0x000000001dc54800 JavaThread "Cache worker for execution history cache (C:\Users\kjh97\.gradle\caches\5.4.1\executionHistory)" [_thread_blocked, id=128, stack(0x00000000206a0000,0x00000000207a0000)]
  0x00000000193f4000 JavaThread "Cache worker for journal cache (C:\Users\kjh97\.gradle\caches\journal-1)" [_thread_blocked, id=13608, stack(0x000000001b2c0000,0x000000001b3c0000)]
  0x00000000193f0800 JavaThread "File lock request listener" [_thread_in_native, id=2684, stack(0x000000001b0c0000,0x000000001b1c0000)]
  0x0000000019c4e800 JavaThread "Cache worker for file hash cache (C:\Users\kjh97\.gradle\caches\5.4.1\fileHashes)" [_thread_blocked, id=13700, stack(0x000000001afc0000,0x000000001b0c0000)]
  0x0000000017fbd800 JavaThread "Daemon periodic checks" [_thread_blocked, id=3184, stack(0x000000001a5c0000,0x000000001a6c0000)]
  0x0000000017fbc000 JavaThread "Incoming local TCP Connector on port 51319" [_thread_in_native, id=12228, stack(0x000000001a3e0000,0x000000001a4e0000)]
  0x0000000019a8f000 JavaThread "Daemon health stats" [_thread_blocked, id=14360, stack(0x000000001a0e0000,0x000000001a1e0000)]
  0x0000000017d72800 JavaThread "Service Thread" daemon [_thread_blocked, id=2900, stack(0x0000000018610000,0x0000000018710000)]
=>0x0000000017d68800 JavaThread "C1 CompilerThread2" daemon [_thread_in_native, id=15244, stack(0x0000000018510000,0x0000000018610000)]
  0x000000001697d000 JavaThread "C2 CompilerThread1" daemon [_thread_blocked, id=8524, stack(0x0000000018410000,0x0000000018510000)]
  0x000000001692f800 JavaThread "C2 CompilerThread0" daemon [_thread_blocked, id=6536, stack(0x0000000018310000,0x0000000018410000)]
  0x000000001692e800 JavaThread "Attach Listener" daemon [_thread_blocked, id=15724, stack(0x0000000018210000,0x0000000018310000)]
  0x0000000017d18800 JavaThread "Signal Dispatcher" daemon [_thread_blocked, id=16044, stack(0x0000000018110000,0x0000000018210000)]
  0x0000000002fa5800 JavaThread "Finalizer" daemon [_thread_blocked, id=13412, stack(0x0000000017b80000,0x0000000017c80000)]
  0x0000000016909000 JavaThread "Reference Handler" daemon [_thread_blocked, id=7960, stack(0x0000000017a80000,0x0000000017b80000)]
  0x0000000002eb2800 JavaThread "main" [_thread_blocked, id=11676, stack(0x0000000002db0000,0x0000000002eb0000)]

Other Threads:
  0x00000000168e6800 VMThread [stack: 0x0000000017980000,0x0000000017a80000] [id=12500]
  0x0000000017d73800 WatcherThread [stack: 0x0000000018710000,0x0000000018810000] [id=888]

VM state:not at safepoint (normal execution)

VM Mutex/Monitor currently owned by a thread: None

heap address: 0x00000000a0000000, size: 1536 MB, Compressed Oops mode: 32-bit
Narrow klass base: 0x0000000000000000, Narrow klass shift: 3
Compressed class space size: 1073741824 Address: 0x0000000100000000

Heap:
 PSYoungGen      total 227840K, used 66891K [0x00000000e0000000, 0x00000000f0c80000, 0x0000000100000000)
  eden space 206848K, 22% used [0x00000000e0000000,0x00000000e2df15e0,0x00000000eca00000)
  from space 20992K, 94% used [0x00000000eca00000,0x00000000edd616c8,0x00000000ede80000)
  to   space 23552K, 0% used [0x00000000ef580000,0x00000000ef580000,0x00000000f0c80000)
 ParOldGen       total 122880K, used 37496K [0x00000000a0000000, 0x00000000a7800000, 0x00000000e0000000)
  object space 122880K, 30% used [0x00000000a0000000,0x00000000a249e150,0x00000000a7800000)
 Metaspace       used 78759K, capacity 81432K, committed 81624K, reserved 1122304K
  class space    used 10318K, capacity 10903K, committed 11008K, reserved 1048576K

Card table byte_map: [0x0000000012370000,0x0000000012680000] byte_map_base: 0x0000000011e70000

Marking Bits: (ParMarkBitMap*) 0x000000006be39f30
 Begin Bits: [0x0000000012c80000, 0x0000000014480000)
 End Bits:   [0x0000000014480000, 0x0000000015c80000)

Polling page: 0x0000000000dd0000

CodeCache: size=245760Kb used=32332Kb max_used=32495Kb free=213427Kb
 bounds [0x0000000002fb0000, 0x0000000004fa0000, 0x0000000011fb0000]
 total_blobs=10720 nmethods=9872 adapters=760
 compilation: enabled

Compilation events (10 events):
Event: 279.381 Thread 0x0000000017d68800 nmethod 11278 0x0000000003de1c50 code [0x0000000003de1da0, 0x0000000003de1ed0]
Event: 279.382 Thread 0x0000000017d68800 11273       3       com.android.tools.r8.ir.code.Value::n (18 bytes)
Event: 279.382 Thread 0x0000000017d68800 nmethod 11273 0x00000000034c3d50 code [0x00000000034c3ec0, 0x00000000034c4090]
Event: 279.383 Thread 0x0000000017d68800 11268       3       com.android.tools.r8.ir.conversion.N::a (5667 bytes)
Event: 279.400 Thread 0x000000001692f800 11299       4       com.android.tools.r8.n.a.a.a.g.o0::d (44 bytes)
Event: 279.402 Thread 0x000000001697d000 11304       4       com.android.tools.r8.n.a.a.a.g.o0::get (22 bytes)
Event: 279.402 Thread 0x000000001692f800 nmethod 11299 0x000000000483eb10 code [0x000000000483ec40, 0x000000000483ed18]
Event: 279.404 Thread 0x000000001697d000 nmethod 11304 0x000000000484e490 code [0x000000000484e5c0, 0x000000000484e698]
Event: 279.404 Thread 0x000000001697d000 11309       4       com.android.tools.r8.t.a.a.G.g::a (42 bytes)
Event: 279.406 Thread 0x000000001697d000 nmethod 11309 0x0000000003c96d50 code [0x0000000003c96ea0, 0x0000000003c96fc8]

GC Heap History (10 events):
Event: 16.973 GC heap before
{Heap before GC invocations=12 (full 2):
 PSYoungGen      total 125952K, used 115200K [0x00000000e0000000, 0x00000000eb900000, 0x0000000100000000)
  eden space 115200K, 100% used [0x00000000e0000000,0x00000000e7080000,0x00000000e7080000)
  from space 10752K, 0% used [0x00000000e7080000,0x00000000e7080000,0x00000000e7b00000)
  to   space 11776K, 0% used [0x00000000ead80000,0x00000000ead80000,0x00000000eb900000)
 ParOldGen       total 78336K, used 17180K [0x00000000a0000000, 0x00000000a4c80000, 0x00000000e0000000)
  object space 78336K, 21% used [0x00000000a0000000,0x00000000a10c70d8,0x00000000a4c80000)
 Metaspace       used 45217K, capacity 46188K, committed 46552K, reserved 1089536K
  class space    used 6085K, capacity 6361K, committed 6400K, reserved 1048576K
Event: 16.987 GC heap after
Heap after GC invocations=12 (full 2):
 PSYoungGen      total 167936K, used 11757K [0x00000000e0000000, 0x00000000eb900000, 0x0000000100000000)
  eden space 156160K, 0% used [0x00000000e0000000,0x00000000e0000000,0x00000000e9880000)
  from space 11776K, 99% used [0x00000000ead80000,0x00000000eb8fb488,0x00000000eb900000)
  to   space 13824K, 0% used [0x00000000e9e00000,0x00000000e9e00000,0x00000000eab80000)
 ParOldGen       total 78336K, used 20632K [0x00000000a0000000, 0x00000000a4c80000, 0x00000000e0000000)
  object space 78336K, 26% used [0x00000000a0000000,0x00000000a1426290,0x00000000a4c80000)
 Metaspace       used 45217K, capacity 46188K, committed 46552K, reserved 1089536K
  class space    used 6085K, capacity 6361K, committed 6400K, reserved 1048576K
}
Event: 20.336 GC heap before
{Heap before GC invocations=13 (full 2):
 PSYoungGen      total 167936K, used 163726K [0x00000000e0000000, 0x00000000eb900000, 0x0000000100000000)
  eden space 156160K, 97% used [0x00000000e0000000,0x00000000e9468738,0x00000000e9880000)
  from space 11776K, 99% used [0x00000000ead80000,0x00000000eb8fb488,0x00000000eb900000)
  to   space 13824K, 0% used [0x00000000e9e00000,0x00000000e9e00000,0x00000000eab80000)
 ParOldGen       total 78336K, used 20632K [0x00000000a0000000, 0x00000000a4c80000, 0x00000000e0000000)
  object space 78336K, 26% used [0x00000000a0000000,0x00000000a1426290,0x00000000a4c80000)
 Metaspace       used 57323K, capacity 58960K, committed 59028K, reserved 1099776K
  class space    used 7768K, capacity 8143K, committed 8192K, reserved 1048576K
Event: 20.387 GC heap after
Heap after GC invocations=13 (full 2):
 PSYoungGen      total 175616K, used 13816K [0x00000000e0000000, 0x00000000ef400000, 0x0000000100000000)
  eden space 161792K, 0% used [0x00000000e0000000,0x00000000e0000000,0x00000000e9e00000)
  from space 13824K, 99% used [0x00000000e9e00000,0x00000000eab7e0a0,0x00000000eab80000)
  to   space 18944K, 0% used [0x00000000ee180000,0x00000000ee180000,0x00000000ef400000)
 ParOldGen       total 78336K, used 30162K [0x00000000a0000000, 0x00000000a4c80000, 0x00000000e0000000)
  object space 78336K, 38% used [0x00000000a0000000,0x00000000a1d74ac8,0x00000000a4c80000)
 Metaspace       used 57323K, capacity 58960K, committed 59028K, reserved 1099776K
  class space    used 7768K, capacity 8143K, committed 8192K, reserved 1048576K
}
Event: 20.387 GC heap before
{Heap before GC invocations=14 (full 3):
 PSYoungGen      total 175616K, used 13816K [0x00000000e0000000, 0x00000000ef400000, 0x0000000100000000)
  eden space 161792K, 0% used [0x00000000e0000000,0x00000000e0000000,0x00000000e9e00000)
  from space 13824K, 99% used [0x00000000e9e00000,0x00000000eab7e0a0,0x00000000eab80000)
  to   space 18944K, 0% used [0x00000000ee180000,0x00000000ee180000,0x00000000ef400000)
 ParOldGen       total 78336K, used 30162K [0x00000000a0000000, 0x00000000a4c80000, 0x00000000e0000000)
  object space 78336K, 38% used [0x00000000a0000000,0x00000000a1d74ac8,0x00000000a4c80000)
 Metaspace       used 57323K, capacity 58960K, committed 59028K, reserved 1099776K
  class space    used 7768K, capacity 8143K, committed 8192K, reserved 1048576K
Event: 20.677 GC heap after
Heap after GC invocations=14 (full 3):
 PSYoungGen      total 175616K, used 0K [0x00000000e0000000, 0x00000000ef400000, 0x0000000100000000)
  eden space 161792K, 0% used [0x00000000e0000000,0x00000000e0000000,0x00000000e9e00000)
  from space 13824K, 0% used [0x00000000e9e00000,0x00000000e9e00000,0x00000000eab80000)
  to   space 18944K, 0% used [0x00000000ee180000,0x00000000ee180000,0x00000000ef400000)
 ParOldGen       total 122880K, used 37480K [0x00000000a0000000, 0x00000000a7800000, 0x00000000e0000000)
  object space 122880K, 30% used [0x00000000a0000000,0x00000000a249a150,0x00000000a7800000)
 Metaspace       used 57309K, capacity 58920K, committed 59028K, reserved 1099776K
  class space    used 7764K, capacity 8135K, committed 8192K, reserved 1048576K
}
Event: 266.048 GC heap before
{Heap before GC invocations=15 (full 3):
 PSYoungGen      total 175616K, used 161792K [0x00000000e0000000, 0x00000000ef400000, 0x0000000100000000)
  eden space 161792K, 100% used [0x00000000e0000000,0x00000000e9e00000,0x00000000e9e00000)
  from space 13824K, 0% used [0x00000000e9e00000,0x00000000e9e00000,0x00000000eab80000)
  to   space 18944K, 0% used [0x00000000ee180000,0x00000000ee180000,0x00000000ef400000)
 ParOldGen       total 122880K, used 37480K [0x00000000a0000000, 0x00000000a7800000, 0x00000000e0000000)
  object space 122880K, 30% used [0x00000000a0000000,0x00000000a249a150,0x00000000a7800000)
 Metaspace       used 64406K, capacity 66300K, committed 66520K, reserved 1107968K
  class space    used 8445K, capacity 8885K, committed 8960K, reserved 1048576K
Event: 266.077 GC heap after
Heap after GC invocations=15 (full 3):
 PSYoungGen      total 210944K, used 17853K [0x00000000e0000000, 0x00000000ef300000, 0x0000000100000000)
  eden space 193024K, 0% used [0x00000000e0000000,0x00000000e0000000,0x00000000ebc80000)
  from space 17920K, 99% used [0x00000000ee180000,0x00000000ef2ef628,0x00000000ef300000)
  to   space 20992K, 0% used [0x00000000eca00000,0x00000000eca00000,0x00000000ede80000)
 ParOldGen       total 122880K, used 37488K [0x00000000a0000000, 0x00000000a7800000, 0x00000000e0000000)
  object space 122880K, 30% used [0x00000000a0000000,0x00000000a249c150,0x00000000a7800000)
 Metaspace       used 64406K, capacity 66300K, committed 66520K, reserved 1107968K
  class space    used 8445K, capacity 8885K, committed 8960K, reserved 1048576K
}
Event: 277.787 GC heap before
{Heap before GC invocations=16 (full 3):
 PSYoungGen      total 210944K, used 210877K [0x00000000e0000000, 0x00000000ef300000, 0x0000000100000000)
  eden space 193024K, 100% used [0x00000000e0000000,0x00000000ebc80000,0x00000000ebc80000)
  from space 17920K, 99% used [0x00000000ee180000,0x00000000ef2ef628,0x00000000ef300000)
  to   space 20992K, 0% used [0x00000000eca00000,0x00000000eca00000,0x00000000ede80000)
 ParOldGen       total 122880K, used 37488K [0x00000000a0000000, 0x00000000a7800000, 0x00000000e0000000)
  object space 122880K, 30% used [0x00000000a0000000,0x00000000a249c150,0x00000000a7800000)
 Metaspace       used 72758K, capacity 74752K, committed 74840K, reserved 1114112K
  class space    used 9381K, capacity 9845K, committed 9856K, reserved 1048576K
Event: 277.866 GC heap after
Heap after GC invocations=16 (full 3):
 PSYoungGen      total 227840K, used 19845K [0x00000000e0000000, 0x00000000f0c80000, 0x0000000100000000)
  eden space 206848K, 0% used [0x00000000e0000000,0x00000000e0000000,0x00000000eca00000)
  from space 20992K, 94% used [0x00000000eca00000,0x00000000edd616c8,0x00000000ede80000)
  to   space 23552K, 0% used [0x00000000ef580000,0x00000000ef580000,0x00000000f0c80000)
 ParOldGen       total 122880K, used 37496K [0x00000000a0000000, 0x00000000a7800000, 0x00000000e0000000)
  object space 122880K, 30% used [0x00000000a0000000,0x00000000a249e150,0x00000000a7800000)
 Metaspace       used 72758K, capacity 74752K, committed 74840K, reserved 1114112K
  class space    used 9381K, capacity 9845K, committed 9856K, reserved 1048576K
}

Deoptimization events (10 events):
Event: 278.316 Thread 0x00000000193f5800 Uncommon trap: reason=class_check action=maybe_recompile pc=0x00000000049180a8 method=com.google.common.collect.ImmutableMap.copyOf(Ljava/util/Map;)Lcom/google/common/collect/ImmutableMap; @ 49
Event: 278.439 Thread 0x0000000019f8f800 Uncommon trap: reason=unstable_if action=reinterpret pc=0x0000000003550468 method=java.util.regex.Pattern.newSlice([IIZ)Ljava/util/regex/Pattern$Node; @ 10
Event: 278.447 Thread 0x0000000019f92800 Uncommon trap: reason=unstable_if action=reinterpret pc=0x00000000043f8144 method=sun.nio.fs.WindowsPathParser.isSlash(C)Z @ 9
Event: 278.447 Thread 0x0000000019f92800 Uncommon trap: reason=unstable_if action=reinterpret pc=0x00000000031150b8 method=sun.nio.fs.WindowsPathParser.isSlash(C)Z @ 9
Event: 278.509 Thread 0x0000000019f92800 Uncommon trap: reason=unstable_if action=reinterpret pc=0x00000000044ecd18 method=java.nio.file.FileTreeWalker.getAttributes(Ljava/nio/file/Path;Z)Ljava/nio/file/attribute/BasicFileAttributes; @ 35
Event: 278.509 Thread 0x0000000019f8f800 Uncommon trap: reason=unstable_if action=reinterpret pc=0x00000000044ecd18 method=java.nio.file.FileTreeWalker.getAttributes(Ljava/nio/file/Path;Z)Ljava/nio/file/attribute/BasicFileAttributes; @ 35
Event: 278.642 Thread 0x0000000019f92800 Uncommon trap: reason=unstable_if action=reinterpret pc=0x00000000047a4350 method=java.util.concurrent.ConcurrentHashMap.putVal(Ljava/lang/Object;Ljava/lang/Object;Z)Ljava/lang/Object; @ 98
Event: 278.724 Thread 0x0000000019f92800 Uncommon trap: reason=unstable_if action=reinterpret pc=0x000000000412ef20 method=java.nio.Bits.putInt(Ljava/nio/ByteBuffer;IIZ)V @ 1
Event: 279.316 Thread 0x0000000019f8f800 Uncommon trap: reason=class_check action=maybe_recompile pc=0x0000000004935e28 method=java.util.Spliterators$IteratorSpliterator.tryAdvance(Ljava/util/function/Consumer;)Z @ 50
Event: 279.316 Thread 0x0000000019f8f800 Uncommon trap: reason=class_check action=maybe_recompile pc=0x0000000004935e28 method=java.util.Spliterators$IteratorSpliterator.tryAdvance(Ljava/util/function/Consumer;)Z @ 50

Classes redefined (0 events):
No events

Internal exceptions (10 events):
Event: 278.436 Thread 0x0000000019f92800 Exception <a 'java/lang/NoSuchMethodError': java.lang.Object.lambda$and$0(Ljava/util/function/Predicate;Ljava/lang/Object;)Z> (0x00000000e1010b98) thrown at [D:\src\AOSP-openjdk-cygwin\jdk8u\hotspot\src\share\vm\interpreter\linkResolver.cpp, line 620]
Event: 278.436 Thread 0x0000000019f8f800 Exception <a 'java/lang/NoSuchMethodError': java.lang.Object.lambda$and$0(Ljava/util/function/Predicate;Ljava/lang/Object;)Z> (0x00000000e10abaa8) thrown at [D:\src\AOSP-openjdk-cygwin\jdk8u\hotspot\src\share\vm\interpreter\linkResolver.cpp, line 620]
Event: 278.442 Thread 0x0000000019f8f800 Exception <a 'java/lang/NoSuchMethodError': java.lang.Object.lambda$static$0(Ljava/lang/String;)Z> (0x00000000e10bf0c8) thrown at [D:\src\AOSP-openjdk-cygwin\jdk8u\hotspot\src\share\vm\interpreter\linkResolver.cpp, line 620]
Event: 278.547 Thread 0x0000000019f92800 Exception <a 'sun/nio/fs/WindowsException'> (0x00000000e13f5258) thrown at [D:\src\AOSP-openjdk-cygwin\jdk8u\hotspot\src\share\vm\prims\jni.cpp, line 710]
Event: 278.590 Thread 0x0000000019f8f800 Exception <a 'sun/nio/fs/WindowsException'> (0x00000000e15476d8) thrown at [D:\src\AOSP-openjdk-cygwin\jdk8u\hotspot\src\share\vm\prims\jni.cpp, line 710]
Event: 278.675 Thread 0x0000000019f8f800 Exception <a 'java/lang/NoSuchMethodError': java.lang.Object.lambda$identity$2(Ljava/lang/Object;)Ljava/lang/Object;> (0x00000000e1691d30) thrown at [D:\src\AOSP-openjdk-cygwin\jdk8u\hotspot\src\share\vm\interpreter\linkResolver.cpp, line 620]
Event: 278.675 Thread 0x0000000019f92800 Exception <a 'java/lang/NoSuchMethodError': java.lang.Object.lambda$identity$2(Ljava/lang/Object;)Ljava/lang/Object;> (0x00000000e16cdd48) thrown at [D:\src\AOSP-openjdk-cygwin\jdk8u\hotspot\src\share\vm\interpreter\linkResolver.cpp, line 620]
Event: 279.084 Thread 0x0000000019f8f800 Exception <a 'java/lang/NoSuchMethodError': java.lang.Object.lambda$maxBy$1(Ljava/util/Comparator;Ljava/lang/Object;Ljava/lang/Object;)Ljava/lang/Object;> (0x00000000e237d058) thrown at [D:\src\AOSP-openjdk-cygwin\jdk8u\hotspot\src\share\vm\interpreter\li
Event: 279.084 Thread 0x0000000019f92800 Exception <a 'java/lang/NoSuchMethodError': java.lang.Object.lambda$maxBy$1(Ljava/util/Comparator;Ljava/lang/Object;Ljava/lang/Object;)Ljava/lang/Object;> (0x00000000e233bc18) thrown at [D:\src\AOSP-openjdk-cygwin\jdk8u\hotspot\src\share\vm\interpreter\li
Event: 279.421 Thread 0x0000000019f92800 Exception <a 'sun/nio/fs/WindowsException'> (0x00000000e2db0908) thrown at [D:\src\AOSP-openjdk-cygwin\jdk8u\hotspot\src\share\vm\prims\jni.cpp, line 710]

Events (10 events):
Event: 279.420 loading class com/android/tools/r8/dex/c$a
Event: 279.420 loading class com/android/tools/r8/dex/c$a done
Event: 279.420 loading class com/android/tools/r8/ByteDataView
Event: 279.420 loading class com/android/tools/r8/ByteDataView done
Event: 279.421 loading class com/android/tools/r8/m/a/a/d/t
Event: 279.421 loading class com/android/tools/r8/m/a/a/d/t done
Event: 279.422 loading class com/android/tools/r8/m/a/a/d/s
Event: 279.422 loading class com/android/tools/r8/m/a/a/d/s done
Event: 279.422 loading class com/android/tools/r8/m/a/a/d/r
Event: 279.422 loading class com/android/tools/r8/m/a/a/d/r done


Dynamic libraries:
0x00007ff64d4b0000 - 0x00007ff64d4e1000 	C:\Program Files\Android\Android Studio\jre\bin\java.exe
0x00007ff986a00000 - 0x00007ff986bf0000 	C:\WINDOWS\SYSTEM32\ntdll.dll
0x00007ff9863a0000 - 0x00007ff986452000 	C:\WINDOWS\System32\KERNEL32.DLL
0x00007ff9847d0000 - 0x00007ff984a73000 	C:\WINDOWS\System32\KERNELBASE.dll
0x00007ff985c10000 - 0x00007ff985cb3000 	C:\WINDOWS\System32\ADVAPI32.dll
0x00007ff984d80000 - 0x00007ff984e1e000 	C:\WINDOWS\System32\msvcrt.dll
0x00007ff986230000 - 0x00007ff9862c7000 	C:\WINDOWS\System32\sechost.dll
0x00007ff986460000 - 0x00007ff986580000 	C:\WINDOWS\System32\RPCRT4.dll
0x00007ff986670000 - 0x00007ff986804000 	C:\WINDOWS\System32\USER32.dll
0x00007ff984330000 - 0x00007ff984351000 	C:\WINDOWS\System32\win32u.dll
0x00007ff985340000 - 0x00007ff985366000 	C:\WINDOWS\System32\GDI32.dll
0x00007ff984360000 - 0x00007ff9844f4000 	C:\WINDOWS\System32\gdi32full.dll
0x00007ff984550000 - 0x00007ff9845ee000 	C:\WINDOWS\System32\msvcp_win.dll
0x00007ff984670000 - 0x00007ff98476a000 	C:\WINDOWS\System32\ucrtbase.dll
0x00007ff96f5f0000 - 0x00007ff96f875000 	C:\WINDOWS\WinSxS\amd64_microsoft.windows.common-controls_6595b64144ccf1df_6.0.18362.592_none_e6c0b1911312be02\COMCTL32.dll
0x00007ff985ef0000 - 0x00007ff986226000 	C:\WINDOWS\System32\combase.dll
0x00007ff9845f0000 - 0x00007ff984670000 	C:\WINDOWS\System32\bcryptPrimitives.dll
0x00007ff984c90000 - 0x00007ff984cbe000 	C:\WINDOWS\System32\IMM32.DLL
0x000000006b4b0000 - 0x000000006b582000 	C:\Program Files\Android\Android Studio\jre\jre\bin\msvcr100.dll
0x000000006b670000 - 0x000000006beb6000 	C:\Program Files\Android\Android Studio\jre\jre\bin\server\jvm.dll
0x00007ff985cc0000 - 0x00007ff985cc8000 	C:\WINDOWS\System32\PSAPI.DLL
0x00007ff96ebf0000 - 0x00007ff96ebf9000 	C:\WINDOWS\SYSTEM32\WSOCK32.dll
0x00007ff985da0000 - 0x00007ff985e0f000 	C:\WINDOWS\System32\WS2_32.dll
0x00007ff97fa80000 - 0x00007ff97faa4000 	C:\WINDOWS\SYSTEM32\WINMM.dll
0x00007ff97fa50000 - 0x00007ff97fa7d000 	C:\WINDOWS\SYSTEM32\WINMMBASE.dll
0x00007ff984500000 - 0x00007ff98454a000 	C:\WINDOWS\System32\cfgmgr32.dll
0x00007ff976d00000 - 0x00007ff976d0a000 	C:\WINDOWS\SYSTEM32\VERSION.dll
0x00007ff97f830000 - 0x00007ff97f83f000 	C:\Program Files\Android\Android Studio\jre\jre\bin\verify.dll
0x00007ff96ff80000 - 0x00007ff96ffa9000 	C:\Program Files\Android\Android Studio\jre\jre\bin\java.dll
0x00007ff97bca0000 - 0x00007ff97bcb6000 	C:\Program Files\Android\Android Studio\jre\jre\bin\zip.dll
0x00007ff985520000 - 0x00007ff985c05000 	C:\WINDOWS\System32\SHELL32.dll
0x00007ff984cd0000 - 0x00007ff984d79000 	C:\WINDOWS\System32\shcore.dll
0x00007ff9839b0000 - 0x00007ff98412f000 	C:\WINDOWS\System32\windows.storage.dll
0x00007ff983930000 - 0x00007ff98394f000 	C:\WINDOWS\System32\profapi.dll
0x00007ff9838e0000 - 0x00007ff98392a000 	C:\WINDOWS\System32\powrprof.dll
0x00007ff9838d0000 - 0x00007ff9838e0000 	C:\WINDOWS\System32\UMPDC.dll
0x00007ff985d40000 - 0x00007ff985d92000 	C:\WINDOWS\System32\shlwapi.dll
0x00007ff983950000 - 0x00007ff983961000 	C:\WINDOWS\System32\kernel.appcore.dll
0x00007ff983990000 - 0x00007ff9839a7000 	C:\WINDOWS\System32\cryptsp.dll
0x00007ff9764d0000 - 0x00007ff9764ea000 	C:\Program Files\Android\Android Studio\jre\jre\bin\net.dll
0x00007ff983140000 - 0x00007ff9831a7000 	C:\WINDOWS\system32\mswsock.dll
0x00007ff9727c0000 - 0x00007ff9727d1000 	C:\Program Files\Android\Android Studio\jre\jre\bin\nio.dll
0x00007ff96ee60000 - 0x00007ff96ee86000 	C:\Users\kjh97\.gradle\native\29\windows-amd64\native-platform.dll
0x00007ff97cc60000 - 0x00007ff97cc6d000 	C:\Program Files\Android\Android Studio\jre\jre\bin\management.dll
0x00007ff982c80000 - 0x00007ff982cb3000 	C:\WINDOWS\system32\rsaenh.dll
0x00007ff984a80000 - 0x00007ff984aa6000 	C:\WINDOWS\System32\bcrypt.dll
0x00007ff9837c0000 - 0x00007ff9837e5000 	C:\WINDOWS\SYSTEM32\USERENV.dll
0x00007ff983310000 - 0x00007ff98331c000 	C:\WINDOWS\SYSTEM32\CRYPTBASE.dll
0x00007ff982e30000 - 0x00007ff982e6a000 	C:\WINDOWS\SYSTEM32\IPHLPAPI.DLL
0x00007ff986810000 - 0x00007ff986818000 	C:\WINDOWS\System32\NSI.dll
0x00007ff977670000 - 0x00007ff977686000 	C:\WINDOWS\SYSTEM32\dhcpcsvc6.DLL
0x00007ff977600000 - 0x00007ff97761c000 	C:\WINDOWS\SYSTEM32\dhcpcsvc.DLL
0x00007ff982e90000 - 0x00007ff982f5a000 	C:\WINDOWS\SYSTEM32\DNSAPI.dll

VM Arguments:
jvm_args: -Xmx1536m -Dfile.encoding=x-windows-949 -Duser.country=KR -Duser.language=ko -Duser.variant 
java_command: org.gradle.launcher.daemon.bootstrap.GradleDaemon 5.4.1
java_class_path (initial): C:\Users\kjh97\.gradle\wrapper\dists\gradle-5.4.1-all\3221gyojl5jsh0helicew7rwx\gradle-5.4.1\lib\gradle-launcher-5.4.1.jar
Launcher Type: SUN_STANDARD

Environment Variables:
PATH=C:\Program Files (x86)\Common Files\Oracle\Java\javapath;C:\Program Files (x86)\Intel\iCLS Client\;C:\Program Files\Intel\iCLS Client\;C:\WINDOWS\system32;C:\WINDOWS;C:\WINDOWS\System32\Wbem;C:\WINDOWS\System32\WindowsPowerShell\v1.0\;C:\Program Files (x86)\Intel\Intel(R) Management Engine Components\DAL;C:\Program Files\Intel\Intel(R) Management Engine Components\DAL;C:\Program Files (x86)\Intel\Intel(R) Management Engine Components\IPT;C:\Program Files\Intel\Intel(R) Management Engine Components\IPT;C:\Program Files\Intel\WiFi\bin\;C:\Program Files\Common Files\Intel\WirelessCommon\;C:\Program Files\dotnet\;C:\WINDOWS\System32\OpenSSH\;C:\Program Files (x86)\Windows Kits\10\Windows Performance Toolkit\;C:\Users\kjh97\Anaconda3;C:\Users\kjh97\Anaconda3\Library\mingw-w64\bin;C:\Users\kjh97\Anaconda3\Library\usr\bin;C:\Users\kjh97\Anaconda3\Library\bin;C:\Users\kjh97\Anaconda3\Scripts;C:\Users\kjh97\AppData\Local\Programs\Python\Python36\Scripts\;C:\Users\kjh97\AppData\Local\Programs\Python\Python36\;C:\Users\kjh97\AppData\Local\Microsoft\WindowsApps;C:\Program Files\JetBrains\PyCharm 2019.2.2\bin;C:\Program Files\JetBrains\PyCharm Community Edition 2019.2.2\bin;C:\Users\kjh97\AppData\Local\Google\Cloud SDK\google-cloud-sdk\bin;C:\Users\kjh97\AppData\Local\GitHubDesktop\bin
USERNAME=kjh97
OS=Windows_NT
PROCESSOR_IDENTIFIER=Intel64 Family 6 Model 142 Stepping 9, GenuineIntel



---------------  S Y S T E M  ---------------

OS: Windows 10.0 , 64 bit Build 18362 (10.0.18362.329)

CPU:total 4 (initial active 4) (2 cores per cpu, 2 threads per core) family 6 model 142 stepping 9, cmov, cx8, fxsr, mmx, sse, sse2, sse3, ssse3, sse4.1, sse4.2, popcnt, avx, avx2, aes, clmul, erms, 3dnowpref, lzcnt, ht, tsc, tscinvbit, bmi1, bmi2, adx

Memory: 4k page, physical 8296604k(734364k free), swap 8296604k(2176k free)

vm_info: OpenJDK 64-Bit Server VM (25.202-b03) for windows-amd64 JRE (1.8.0_202-release-1483-b03), built by "builder" with MS VC++ 10.0 (VS2010)

time: Wed Jan 22 08:05:49 2020
timezone: 대한민국 표준시
elapsed time: 279 seconds (0d 0h 4m 39s)

