#
# There is insufficient memory for the Java Runtime Environment to continue.
# Native memory allocation (malloc) failed to allocate 1442256 bytes for Chunk::new
# Possible reasons:
#   The system is out of physical RAM or swap space
#   The process is running with CompressedOops enabled, and the Java Heap may be blocking the growth of the native heap
# Possible solutions:
#   Reduce memory load on the system
#   Increase physical memory or swap space
#   Check if swap backing store is full
#   Decrease Java heap size (-Xmx/-Xms)
#   Decrease number of Java threads
#   Decrease Java thread stack sizes (-Xss)
#   Set larger code cache with -XX:ReservedCodeCacheSize=
#   JVM is running with Unscaled Compressed Oops mode in which the Java heap is
#     placed in the first 4GB address space. The Java Heap base address is the
#     maximum limit for the native heap growth. Please use -XX:HeapBaseMinAddress
#     to set the Java Heap base and to place the Java Heap above 4GB virtual address.
# This output file may be truncated or incomplete.
#
#  Out of Memory Error (allocation.cpp:389), pid=3168, tid=0x0000000000002df8
#
# JRE version: OpenJDK Runtime Environment (8.0_202-b03) (build 1.8.0_202-release-1483-b03)
# Java VM: OpenJDK 64-Bit Server VM (25.202-b03 mixed mode windows-amd64 compressed oops)
# Failed to write core dump. Minidumps are not enabled by default on client versions of Windows
#

---------------  T H R E A D  ---------------

Current thread (0x000000001630a800):  JavaThread "C2 CompilerThread0" daemon [_thread_in_native, id=11768, stack(0x0000000017c10000,0x0000000017d10000)]

Stack: [0x0000000017c10000,0x0000000017d10000]
[error occurred during error reporting (printing stack bounds), id 0xc0000005]

Native frames: (J=compiled Java code, j=interpreted, Vv=VM code, C=native code)


Current CompileTask:
C2:  27253 12039 % !   4       com.android.tools.r8.dex.c::b @ 242 (2274 bytes)


---------------  P R O C E S S  ---------------

Java Threads: ( => current thread )
  0x0000000018474000 JavaThread "WorkerExecutor Queue Thread 4" [_thread_blocked, id=9928, stack(0x0000000024700000,0x0000000024800000)]
  0x000000001847b000 JavaThread "WorkerExecutor Queue Thread 3" [_thread_blocked, id=15236, stack(0x0000000024600000,0x0000000024700000)]
  0x0000000018479000 JavaThread "Cache worker for Java compile cache (C:\Users\kjh97\MDVER1\.gradle\5.4.1\javaCompile)" [_thread_blocked, id=9864, stack(0x0000000024100000,0x0000000024200000)]
  0x0000000018478000 JavaThread "Cache worker for Java compile cache (C:\Users\kjh97\.gradle\caches\5.4.1\javaCompile)" [_thread_blocked, id=5684, stack(0x0000000024000000,0x0000000024100000)]
  0x000000001847a800 JavaThread "WorkerExecutor Queue Thread 2" [_thread_blocked, id=14668, stack(0x0000000023d00000,0x0000000023e00000)]
  0x0000000018477000 JavaThread "stdout" [_thread_in_native, id=1164, stack(0x0000000023c00000,0x0000000023d00000)]
  0x0000000018476800 JavaThread "stderr" [_thread_in_native, id=7520, stack(0x0000000023b00000,0x0000000023c00000)]
  0x000000001aeed800 JavaThread "pool-2-thread-1" [_thread_blocked, id=15920, stack(0x0000000023a00000,0x0000000023b00000)]
  0x000000001aeed000 JavaThread "WorkerExecutor Queue" [_thread_blocked, id=2684, stack(0x0000000023900000,0x0000000023a00000)]
  0x000000001aeec000 JavaThread "Cache worker for execution history cache (C:\Users\kjh97\MDVER1\.gradle\5.4.1\executionHistory)" [_thread_blocked, id=15864, stack(0x0000000023600000,0x0000000023700000)]
  0x000000001aeef000 JavaThread "Cache worker for file content cache (C:\Users\kjh97\MDVER1\.gradle\5.4.1\fileContent)" [_thread_blocked, id=3024, stack(0x0000000022c00000,0x0000000022d00000)]
  0x000000001aeeb800 JavaThread "Cache worker for file content cache (C:\Users\kjh97\.gradle\caches\5.4.1\fileContent)" [_thread_blocked, id=3712, stack(0x0000000022b00000,0x0000000022c00000)]
  0x000000001aeea000 JavaThread "Memory manager" [_thread_blocked, id=10232, stack(0x00000000221f0000,0x00000000222f0000)]
  0x000000001aee9000 JavaThread "Cache worker for Build Output Cleanup Cache (C:\Users\kjh97\MDVER1\.gradle\buildOutputCleanup)" [_thread_blocked, id=6956, stack(0x0000000021c60000,0x0000000021d60000)]
  0x000000001aee8800 JavaThread "pool-1-thread-1" [_thread_blocked, id=10644, stack(0x0000000021b60000,0x0000000021c60000)]
  0x000000001aee5800 JavaThread "Build operations Thread 4" [_thread_blocked, id=12664, stack(0x0000000020690000,0x0000000020790000)]
  0x000000001aee4800 JavaThread "Build operations Thread 3" [_thread_blocked, id=15356, stack(0x0000000020590000,0x0000000020690000)]
  0x000000001aee4000 JavaThread "Build operations Thread 2" [_thread_blocked, id=1448, stack(0x0000000020490000,0x0000000020590000)]
  0x000000001aee3000 JavaThread "Build operations" [_thread_blocked, id=6912, stack(0x0000000020390000,0x0000000020490000)]
  0x000000001aee7800 JavaThread "Cache worker for execution history cache (C:\Users\kjh97\.gradle\caches\5.4.1\executionHistory)" [_thread_blocked, id=15084, stack(0x000000001ff80000,0x0000000020080000)]
  0x000000001aee7000 JavaThread "Cache worker for cache directory md-rule (C:\Users\kjh97\.gradle\caches\5.4.1\md-rule)" [_thread_blocked, id=11532, stack(0x0000000020090000,0x0000000020190000)]
  0x0000000017982000 JavaThread "Cache worker for cache directory md-supplier (C:\Users\kjh97\.gradle\caches\5.4.1\md-supplier)" [_thread_blocked, id=5448, stack(0x000000001e3e0000,0x000000001e4e0000)]
  0x0000000017981000 JavaThread "Cache worker for file hash cache (C:\Users\kjh97\MDVER1\.gradle\5.4.1\fileHashes)" [_thread_blocked, id=14496, stack(0x000000001e2e0000,0x000000001e3e0000)]
  0x000000001797d800 JavaThread "Cache worker for journal cache (C:\Users\kjh97\.gradle\caches\journal-1)" [_thread_blocked, id=15012, stack(0x000000001abc0000,0x000000001acc0000)]
  0x0000000017982800 JavaThread "File lock request listener" [_thread_in_native, id=9152, stack(0x000000001aac0000,0x000000001abc0000)]
  0x000000001797f800 JavaThread "Cache worker for file hash cache (C:\Users\kjh97\.gradle\caches\5.4.1\fileHashes)" [_thread_blocked, id=11732, stack(0x000000001a7c0000,0x000000001a8c0000)]
  0x0000000019455000 JavaThread "Thread-9" [_thread_blocked, id=10396, stack(0x000000001a6c0000,0x000000001a7c0000)]
  0x0000000019447800 JavaThread "Stdin handler" [_thread_blocked, id=15764, stack(0x000000001a5c0000,0x000000001a6c0000)]
  0x0000000019457000 JavaThread "Asynchronous log dispatcher for DefaultDaemonConnection: socket connection from /127.0.0.1:52404 to /127.0.0.1:52405" [_thread_blocked, id=13144, stack(0x000000001a4c0000,0x000000001a5c0000)]
  0x000000001943c000 JavaThread "Daemon worker" [_thread_in_Java, id=1708, stack(0x000000001a3c0000,0x000000001a4c0000)]
  0x000000001943b000 JavaThread "Cancel handler" [_thread_blocked, id=7036, stack(0x000000001a2c0000,0x000000001a3c0000)]
  0x000000001890c000 JavaThread "Handler for socket connection from /127.0.0.1:52404 to /127.0.0.1:52405" [_thread_in_native, id=8376, stack(0x0000000019fc0000,0x000000001a0c0000)]
  0x0000000019337000 JavaThread "Daemon" [_thread_blocked, id=1664, stack(0x0000000019ec0000,0x0000000019fc0000)]
  0x000000001787f800 JavaThread "Daemon periodic checks" [_thread_blocked, id=13952, stack(0x0000000019dc0000,0x0000000019ec0000)]
  0x0000000017871000 JavaThread "Incoming local TCP Connector on port 52404" [_thread_in_native, id=12180, stack(0x0000000019be0000,0x0000000019ce0000)]
  0x0000000018edc800 JavaThread "Daemon health stats" [_thread_blocked, id=14516, stack(0x00000000198e0000,0x00000000199e0000)]
  0x000000001769a800 JavaThread "Service Thread" daemon [_thread_blocked, id=11632, stack(0x0000000017f10000,0x0000000018010000)]
  0x000000001761f800 JavaThread "C1 CompilerThread2" daemon [_thread_blocked, id=15752, stack(0x0000000017e10000,0x0000000017f10000)]
  0x000000001630d800 JavaThread "C2 CompilerThread1" daemon [_thread_in_vm, id=9240, stack(0x0000000017d10000,0x0000000017e10000)]
=>0x000000001630a800 JavaThread "C2 CompilerThread0" daemon [_thread_in_native, id=11768, stack(0x0000000017c10000,0x0000000017d10000)]
  0x00000000162bd000 JavaThread "Attach Listener" daemon [_thread_blocked, id=9060, stack(0x0000000017b10000,0x0000000017c10000)]
  0x0000000017618800 JavaThread "Signal Dispatcher" daemon [_thread_blocked, id=6176, stack(0x0000000017a10000,0x0000000017b10000)]
  0x000000000293b800 JavaThread "Finalizer" daemon [_thread_blocked, id=14736, stack(0x0000000017510000,0x0000000017610000)]
  0x0000000016299000 JavaThread "Reference Handler" daemon [_thread_blocked, id=9900, stack(0x0000000017410000,0x0000000017510000)]
  0x0000000002842800 JavaThread "main" [_thread_blocked, id=15592, stack(0x00000000026b0000,0x00000000027b0000)]

Other Threads:
  0x0000000016276800 VMThread [stack: 0x0000000017310000,0x0000000017410000] [id=3192]
  0x000000001769b800 WatcherThread [stack: 0x0000000018010000,0x0000000018110000] [id=7648]

VM state:not at safepoint (normal execution)

VM Mutex/Monitor currently owned by a thread:  ([mutex/lock_event])
[0x000000000283e370] CompiledIC_lock - owner thread: 0x000000001630d800

OutOfMemory and StackOverflow Exception counts:
OutOfMemoryError java_heap_errors=1

heap address: 0x00000000a0000000, size: 1536 MB, Compressed Oops mode: 32-bit
Narrow klass base: 0x0000000000000000, Narrow klass shift: 3
Compressed class space size: 1073741824 Address: 0x0000000100000000

Heap:
 PSYoungGen      total 223232K, used 41518K [0x00000000e0000000, 0x00000000f1000000, 0x0000000100000000)
  eden space 200704K, 9% used [0x00000000e0000000,0x00000000e128ec70,0x00000000ec400000)
  from space 22528K, 99% used [0x00000000ee380000,0x00000000ef97ce88,0x00000000ef980000)
  to   space 32256K, 0% used [0x00000000ec400000,0x00000000ec400000,0x00000000ee380000)
 ParOldGen       total 135168K, used 59090K [0x00000000a0000000, 0x00000000a8400000, 0x00000000e0000000)
  object space 135168K, 43% used [0x00000000a0000000,0x00000000a39b48c0,0x00000000a8400000)
 Metaspace       used 76830K, capacity 79668K, committed 79768K, reserved 1118208K
  class space    used 10256K, capacity 10857K, committed 10920K, reserved 1048576K

Card table byte_map: [0x0000000011d00000,0x0000000012010000] byte_map_base: 0x0000000011800000

Marking Bits: (ParMarkBitMap*) 0x000000006be39f30
 Begin Bits: [0x0000000012610000, 0x0000000013e10000)
 End Bits:   [0x0000000013e10000, 0x0000000015610000)

Polling page: 0x0000000000ad0000

CodeCache: size=245760Kb used=34754Kb max_used=34823Kb free=211005Kb
 bounds [0x0000000002940000, 0x0000000004b70000, 0x0000000011940000]
 total_blobs=11487 nmethods=10641 adapters=758
 compilation: enabled

Compilation events (10 events):
Event: 27.237 Thread 0x000000001761f800 12254       2       java.io.ObjectStreamClass::hasWriteReplaceMethod (17 bytes)
Event: 27.237 Thread 0x000000001761f800 nmethod 12254 0x0000000004b60ed0 code [0x0000000004b61040, 0x0000000004b61268]
Event: 27.239 Thread 0x000000001630d800 nmethod 11780 0x0000000004b5f490 code [0x0000000004b5f5e0, 0x0000000004b5f7d8]
Event: 27.239 Thread 0x000000001630d800 11569       4       java.util.Objects::hashCode (13 bytes)
Event: 27.240 Thread 0x000000001630d800 nmethod 11569 0x000000000422db90 code [0x000000000422dcc0, 0x000000000422dd78]
Event: 27.240 Thread 0x000000001630d800 11782       4       com.android.tools.r8.graph.IndexedDexItem::c (53 bytes)
Event: 27.240 Thread 0x000000001630d800 nmethod 11782 0x000000000413ff10 code [0x0000000004140040, 0x0000000004140098]
Event: 27.240 Thread 0x000000001630d800 12192       4       com.android.tools.r8.dex.DexOutputBuffer::putByte (14 bytes)
Event: 27.250 Thread 0x000000001630d800 nmethod 12192 0x0000000004b65690 code [0x0000000004b65800, 0x0000000004b65c08]
Event: 27.250 Thread 0x000000001630d800 12046       4       com.android.tools.r8.dex.DexOutputBuffer::position (8 bytes)

GC Heap History (10 events):
Event: 13.033 GC heap before
{Heap before GC invocations=13 (full 2):
 PSYoungGen      total 157184K, used 156397K [0x00000000e0000000, 0x00000000eb380000, 0x0000000100000000)
  eden space 145408K, 99% used [0x00000000e0000000,0x00000000e8d3c170,0x00000000e8e00000)
  from space 11776K, 99% used [0x00000000ea800000,0x00000000eb37f480,0x00000000eb380000)
  to   space 13824K, 0% used [0x00000000e9880000,0x00000000e9880000,0x00000000ea600000)
 ParOldGen       total 86016K, used 20296K [0x00000000a0000000, 0x00000000a5400000, 0x00000000e0000000)
  object space 86016K, 23% used [0x00000000a0000000,0x00000000a13d2000,0x00000000a5400000)
 Metaspace       used 57475K, capacity 59138K, committed 59160K, reserved 1099776K
  class space    used 7807K, capacity 8222K, committed 8232K, reserved 1048576K
Event: 13.074 GC heap after
Heap after GC invocations=13 (full 2):
 PSYoungGen      total 169984K, used 13810K [0x00000000e0000000, 0x00000000edc00000, 0x0000000100000000)
  eden space 156160K, 0% used [0x00000000e0000000,0x00000000e0000000,0x00000000e9880000)
  from space 13824K, 99% used [0x00000000e9880000,0x00000000ea5fc878,0x00000000ea600000)
  to   space 18944K, 0% used [0x00000000ec980000,0x00000000ec980000,0x00000000edc00000)
 ParOldGen       total 86016K, used 29445K [0x00000000a0000000, 0x00000000a5400000, 0x00000000e0000000)
  object space 86016K, 34% used [0x00000000a0000000,0x00000000a1cc1598,0x00000000a5400000)
 Metaspace       used 57475K, capacity 59138K, committed 59160K, reserved 1099776K
  class space    used 7807K, capacity 8222K, committed 8232K, reserved 1048576K
}
Event: 13.074 GC heap before
{Heap before GC invocations=14 (full 3):
 PSYoungGen      total 169984K, used 13810K [0x00000000e0000000, 0x00000000edc00000, 0x0000000100000000)
  eden space 156160K, 0% used [0x00000000e0000000,0x00000000e0000000,0x00000000e9880000)
  from space 13824K, 99% used [0x00000000e9880000,0x00000000ea5fc878,0x00000000ea600000)
  to   space 18944K, 0% used [0x00000000ec980000,0x00000000ec980000,0x00000000edc00000)
 ParOldGen       total 86016K, used 29445K [0x00000000a0000000, 0x00000000a5400000, 0x00000000e0000000)
  object space 86016K, 34% used [0x00000000a0000000,0x00000000a1cc1598,0x00000000a5400000)
 Metaspace       used 57475K, capacity 59138K, committed 59160K, reserved 1099776K
  class space    used 7807K, capacity 8222K, committed 8232K, reserved 1048576K
Event: 13.344 GC heap after
Heap after GC invocations=14 (full 3):
 PSYoungGen      total 169984K, used 0K [0x00000000e0000000, 0x00000000edc00000, 0x0000000100000000)
  eden space 156160K, 0% used [0x00000000e0000000,0x00000000e0000000,0x00000000e9880000)
  from space 13824K, 0% used [0x00000000e9880000,0x00000000e9880000,0x00000000ea600000)
  to   space 18944K, 0% used [0x00000000ec980000,0x00000000ec980000,0x00000000edc00000)
 ParOldGen       total 135168K, used 37281K [0x00000000a0000000, 0x00000000a8400000, 0x00000000e0000000)
  object space 135168K, 27% used [0x00000000a0000000,0x00000000a2468438,0x00000000a8400000)
 Metaspace       used 57475K, capacity 59138K, committed 59160K, reserved 1099776K
  class space    used 7807K, capacity 8222K, committed 8232K, reserved 1048576K
}
Event: 19.007 GC heap before
{Heap before GC invocations=15 (full 3):
 PSYoungGen      total 169984K, used 156160K [0x00000000e0000000, 0x00000000edc00000, 0x0000000100000000)
  eden space 156160K, 100% used [0x00000000e0000000,0x00000000e9880000,0x00000000e9880000)
  from space 13824K, 0% used [0x00000000e9880000,0x00000000e9880000,0x00000000ea600000)
  to   space 18944K, 0% used [0x00000000ec980000,0x00000000ec980000,0x00000000edc00000)
 ParOldGen       total 135168K, used 37281K [0x00000000a0000000, 0x00000000a8400000, 0x00000000e0000000)
  object space 135168K, 27% used [0x00000000a0000000,0x00000000a2468438,0x00000000a8400000)
 Metaspace       used 62265K, capacity 64252K, committed 64536K, reserved 1105920K
  class space    used 8414K, capacity 8883K, committed 9000K, reserved 1048576K
Event: 19.024 GC heap after
Heap after GC invocations=15 (full 3):
 PSYoungGen      total 195072K, used 11446K [0x00000000e0000000, 0x00000000ed600000, 0x0000000100000000)
  eden space 182272K, 0% used [0x00000000e0000000,0x00000000e0000000,0x00000000eb200000)
  from space 12800K, 89% used [0x00000000ec980000,0x00000000ed4ad8b8,0x00000000ed600000)
  to   space 18432K, 0% used [0x00000000eb200000,0x00000000eb200000,0x00000000ec400000)
 ParOldGen       total 135168K, used 37289K [0x00000000a0000000, 0x00000000a8400000, 0x00000000e0000000)
  object space 135168K, 27% used [0x00000000a0000000,0x00000000a246a438,0x00000000a8400000)
 Metaspace       used 62265K, capacity 64252K, committed 64536K, reserved 1105920K
  class space    used 8414K, capacity 8883K, committed 9000K, reserved 1048576K
}
Event: 24.595 GC heap before
{Heap before GC invocations=16 (full 3):
 PSYoungGen      total 195072K, used 193718K [0x00000000e0000000, 0x00000000ed600000, 0x0000000100000000)
  eden space 182272K, 100% used [0x00000000e0000000,0x00000000eb200000,0x00000000eb200000)
  from space 12800K, 89% used [0x00000000ec980000,0x00000000ed4ad8b8,0x00000000ed600000)
  to   space 18432K, 0% used [0x00000000eb200000,0x00000000eb200000,0x00000000ec400000)
 ParOldGen       total 135168K, used 37289K [0x00000000a0000000, 0x00000000a8400000, 0x00000000e0000000)
  object space 135168K, 27% used [0x00000000a0000000,0x00000000a246a438,0x00000000a8400000)
 Metaspace       used 73852K, capacity 76322K, committed 76568K, reserved 1116160K
  class space    used 9890K, capacity 10448K, committed 10536K, reserved 1048576K
Event: 24.637 GC heap after
Heap after GC invocations=16 (full 3):
 PSYoungGen      total 200704K, used 18419K [0x00000000e0000000, 0x00000000ef980000, 0x0000000100000000)
  eden space 182272K, 0% used [0x00000000e0000000,0x00000000e0000000,0x00000000eb200000)
  from space 18432K, 99% used [0x00000000eb200000,0x00000000ec3fcda8,0x00000000ec400000)
  to   space 22528K, 0% used [0x00000000ee380000,0x00000000ee380000,0x00000000ef980000)
 ParOldGen       total 135168K, used 41532K [0x00000000a0000000, 0x00000000a8400000, 0x00000000e0000000)
  object space 135168K, 30% used [0x00000000a0000000,0x00000000a288f130,0x00000000a8400000)
 Metaspace       used 73852K, capacity 76322K, committed 76568K, reserved 1116160K
  class space    used 9890K, capacity 10448K, committed 10536K, reserved 1048576K
}
Event: 26.978 GC heap before
{Heap before GC invocations=17 (full 3):
 PSYoungGen      total 200704K, used 200691K [0x00000000e0000000, 0x00000000ef980000, 0x0000000100000000)
  eden space 182272K, 100% used [0x00000000e0000000,0x00000000eb200000,0x00000000eb200000)
  from space 18432K, 99% used [0x00000000eb200000,0x00000000ec3fcda8,0x00000000ec400000)
  to   space 22528K, 0% used [0x00000000ee380000,0x00000000ee380000,0x00000000ef980000)
 ParOldGen       total 135168K, used 41532K [0x00000000a0000000, 0x00000000a8400000, 0x00000000e0000000)
  object space 135168K, 30% used [0x00000000a0000000,0x00000000a288f130,0x00000000a8400000)
 Metaspace       used 76711K, capacity 79516K, committed 79768K, reserved 1118208K
  class space    used 10247K, capacity 10853K, committed 10920K, reserved 1048576K
Event: 27.025 GC heap after
Heap after GC invocations=17 (full 3):
 PSYoungGen      total 223232K, used 22515K [0x00000000e0000000, 0x00000000f1000000, 0x0000000100000000)
  eden space 200704K, 0% used [0x00000000e0000000,0x00000000e0000000,0x00000000ec400000)
  from space 22528K, 99% used [0x00000000ee380000,0x00000000ef97ce88,0x00000000ef980000)
  to   space 32256K, 0% used [0x00000000ec400000,0x00000000ec400000,0x00000000ee380000)
 ParOldGen       total 135168K, used 59090K [0x00000000a0000000, 0x00000000a8400000, 0x00000000e0000000)
  object space 135168K, 43% used [0x00000000a0000000,0x00000000a39b48c0,0x00000000a8400000)
 Metaspace       used 76711K, capacity 79516K, committed 79768K, reserved 1118208K
  class space    used 10247K, capacity 10853K, committed 10920K, reserved 1048576K
}

Deoptimization events (10 events):
Event: 26.943 Thread 0x000000001847e000 Uncommon trap: reason=unstable_if action=reinterpret pc=0x0000000002d08f3c method=java.util.stream.MatchOps$1MatchSink.accept(Ljava/lang/Object;)V @ 24
Event: 27.046 Thread 0x000000001847e000 Uncommon trap: reason=unstable_if action=reinterpret pc=0x000000000402dc60 method=com.android.tools.r8.dex.DexOutputBuffer.j(I)V @ 8
Event: 27.196 Thread 0x000000001847d800 Uncommon trap: reason=unstable_if action=reinterpret pc=0x000000000336ea00 method=java.util.concurrent.locks.ReentrantLock$Sync.nonfairTryAcquire(I)Z @ 19
Event: 27.197 Thread 0x000000001943c000 Uncommon trap: reason=class_check action=maybe_recompile pc=0x0000000002a5e140 method=java.lang.Throwable.<init>(Ljava/lang/String;Ljava/lang/Throwable;)V @ 24
Event: 27.207 Thread 0x0000000019455000 Uncommon trap: reason=array_check action=maybe_recompile pc=0x0000000004aa5938 method=java.util.TimSort.reverseRange([Ljava/lang/Object;II)V @ 20
Event: 27.207 Thread 0x0000000019455000 Uncommon trap: reason=array_check action=maybe_recompile pc=0x0000000004aa5938 method=java.util.TimSort.reverseRange([Ljava/lang/Object;II)V @ 20
Event: 27.207 Thread 0x0000000019455000 Uncommon trap: reason=unstable_if action=reinterpret pc=0x00000000044cd6d0 method=java.io.ObjectOutputStream$BlockDataOutputStream.writeBytes(Ljava/lang/String;)V @ 22
Event: 27.208 Thread 0x0000000019455000 Uncommon trap: reason=unstable_if action=reinterpret pc=0x0000000003753b80 method=java.io.ObjectOutputStream$BlockDataOutputStream.writeBytes(Ljava/lang/String;)V @ 22
Event: 27.230 Thread 0x000000001943c000 Uncommon trap: reason=bimorphic action=maybe_recompile pc=0x0000000004af518c method=java.util.stream.MatchOps$1MatchSink.accept(Ljava/lang/Object;)V @ 12
Event: 27.233 Thread 0x000000001943c000 Uncommon trap: reason=unstable_if action=reinterpret pc=0x00000000037b7964 method=org.gradle.execution.plan.Node.isComplete()Z @ 17

Classes redefined (0 events):
No events

Internal exceptions (10 events):
Event: 26.155 Thread 0x000000001847b000 Exception <a 'sun/nio/fs/WindowsException'> (0x00000000e60da4c0) thrown at [D:\src\AOSP-openjdk-cygwin\jdk8u\hotspot\src\share\vm\prims\jni.cpp, line 710]
Event: 26.298 Thread 0x0000000018479800 Implicit null exception at 0x0000000003e6736f to 0x0000000003e6745d
Event: 26.298 Thread 0x0000000018482800 Implicit null exception at 0x0000000003e6736f to 0x0000000003e6745d
Event: 26.298 Thread 0x000000001847d800 Implicit null exception at 0x0000000003e6736f to 0x0000000003e6745d
Event: 26.298 Thread 0x000000001847e000 Implicit null exception at 0x0000000003e6736f to 0x0000000003e6745d
Event: 27.194 Thread 0x000000001847e000 Exception <a 'sun/nio/fs/WindowsException'> (0x00000000e0ca36d8) thrown at [D:\src\AOSP-openjdk-cygwin\jdk8u\hotspot\src\share\vm\prims\jni.cpp, line 710]
Event: 27.195 Thread 0x000000001847e000 Exception <a 'java/lang/OutOfMemoryError'> (0x00000000e0ca40e0) thrown at [D:\src\AOSP-openjdk-cygwin\jdk8u\hotspot\src\share\vm\prims\unsafe.cpp, line 618]
Event: 27.206 Thread 0x0000000019455000 Exception <a 'java/lang/NoSuchMethodError': <clinit>> (0x00000000e006bd08) thrown at [D:\src\AOSP-openjdk-cygwin\jdk8u\hotspot\src\share\vm\prims\jni.cpp, line 1614]
Event: 27.207 Thread 0x0000000019455000 Exception <a 'java/lang/NoSuchMethodError': <clinit>> (0x00000000e0f84650) thrown at [D:\src\AOSP-openjdk-cygwin\jdk8u\hotspot\src\share\vm\prims\jni.cpp, line 1614]
Event: 27.235 Thread 0x0000000019455000 Exception <a 'java/lang/NoSuchMethodError': <clinit>> (0x00000000e0f92050) thrown at [D:\src\AOSP-openjdk-cygwin\jdk8u\hotspot\src\share\vm\prims\jni.cpp, line 1614]

Events (10 events):
Event: 27.245 Executing VM operation: RevokeBias done
Event: 27.246 Thread 0x000000001aef1800 Thread exited: 0x000000001aef1800
Event: 27.247 Thread 0x000000001aef0000 DEOPT PACKING pc=0x000000000331203c sp=0x00000000234ff350
Event: 27.247 Thread 0x000000001aef0000 DEOPT UNPACKING pc=0x00000000029875d0 sp=0x00000000234ff178 mode 0
Event: 27.247 Executing VM operation: RevokeBias
Event: 27.249 Executing VM operation: RevokeBias done
Event: 27.250 Thread 0x000000001630d800 flushing nmethod 0x0000000002a83e10
Event: 27.250 Thread 0x000000001630d800 flushing nmethod 0x0000000002aa8310
Event: 27.250 Thread 0x000000001630d800 flushing nmethod 0x0000000002b6aa50
Event: 27.251 Thread 0x000000001aef0000 Thread exited: 0x000000001aef0000


Dynamic libraries:
0x00007ff74bb80000 - 0x00007ff74bbb1000 	C:\Program Files\Android\Android Studio\jre\bin\java.exe
0x00007ff986a00000 - 0x00007ff986bf0000 	C:\WINDOWS\SYSTEM32\ntdll.dll
0x00007ff9863a0000 - 0x00007ff986452000 	C:\WINDOWS\System32\KERNEL32.DLL
0x00007ff9847d0000 - 0x00007ff984a73000 	C:\WINDOWS\System32\KERNELBASE.dll
0x00007ff985c10000 - 0x00007ff985cb3000 	C:\WINDOWS\System32\ADVAPI32.dll
0x00007ff984d80000 - 0x00007ff984e1e000 	C:\WINDOWS\System32\msvcrt.dll
0x00007ff986230000 - 0x00007ff9862c7000 	C:\WINDOWS\System32\sechost.dll
0x00007ff986460000 - 0x00007ff986580000 	C:\WINDOWS\System32\RPCRT4.dll
0x00007ff986670000 - 0x00007ff986804000 	C:\WINDOWS\System32\USER32.dll
0x00007ff984330000 - 0x00007ff984351000 	C:\WINDOWS\System32\win32u.dll
0x00007ff985340000 - 0x00007ff985366000 	C:\WINDOWS\System32\GDI32.dll
0x00007ff984360000 - 0x00007ff9844f4000 	C:\WINDOWS\System32\gdi32full.dll
0x00007ff984550000 - 0x00007ff9845ee000 	C:\WINDOWS\System32\msvcp_win.dll
0x00007ff984670000 - 0x00007ff98476a000 	C:\WINDOWS\System32\ucrtbase.dll
0x00007ff96f5f0000 - 0x00007ff96f875000 	C:\WINDOWS\WinSxS\amd64_microsoft.windows.common-controls_6595b64144ccf1df_6.0.18362.592_none_e6c0b1911312be02\COMCTL32.dll
0x00007ff985ef0000 - 0x00007ff986226000 	C:\WINDOWS\System32\combase.dll
0x00007ff9845f0000 - 0x00007ff984670000 	C:\WINDOWS\System32\bcryptPrimitives.dll
0x00007ff984c90000 - 0x00007ff984cbe000 	C:\WINDOWS\System32\IMM32.DLL
0x000000006b4b0000 - 0x000000006b582000 	C:\Program Files\Android\Android Studio\jre\jre\bin\msvcr100.dll
0x000000006b670000 - 0x000000006beb6000 	C:\Program Files\Android\Android Studio\jre\jre\bin\server\jvm.dll
0x00007ff985cc0000 - 0x00007ff985cc8000 	C:\WINDOWS\System32\PSAPI.DLL
0x00007ff96ebf0000 - 0x00007ff96ebf9000 	C:\WINDOWS\SYSTEM32\WSOCK32.dll
0x00007ff985da0000 - 0x00007ff985e0f000 	C:\WINDOWS\System32\WS2_32.dll
0x00007ff97fa80000 - 0x00007ff97faa4000 	C:\WINDOWS\SYSTEM32\WINMM.dll
0x00007ff976d00000 - 0x00007ff976d0a000 	C:\WINDOWS\SYSTEM32\VERSION.dll
0x00007ff97fa50000 - 0x00007ff97fa7d000 	C:\WINDOWS\SYSTEM32\winmmbase.dll
0x00007ff984500000 - 0x00007ff98454a000 	C:\WINDOWS\System32\cfgmgr32.dll
0x00007ff97f830000 - 0x00007ff97f83f000 	C:\Program Files\Android\Android Studio\jre\jre\bin\verify.dll
0x00007ff96ff80000 - 0x00007ff96ffa9000 	C:\Program Files\Android\Android Studio\jre\jre\bin\java.dll
0x00007ff97bca0000 - 0x00007ff97bcb6000 	C:\Program Files\Android\Android Studio\jre\jre\bin\zip.dll
0x00007ff985520000 - 0x00007ff985c05000 	C:\WINDOWS\System32\SHELL32.dll
0x00007ff984cd0000 - 0x00007ff984d79000 	C:\WINDOWS\System32\shcore.dll
0x00007ff9839b0000 - 0x00007ff98412f000 	C:\WINDOWS\System32\windows.storage.dll
0x00007ff983930000 - 0x00007ff98394f000 	C:\WINDOWS\System32\profapi.dll
0x00007ff9838e0000 - 0x00007ff98392a000 	C:\WINDOWS\System32\powrprof.dll
0x00007ff9838d0000 - 0x00007ff9838e0000 	C:\WINDOWS\System32\UMPDC.dll
0x00007ff985d40000 - 0x00007ff985d92000 	C:\WINDOWS\System32\shlwapi.dll
0x00007ff983950000 - 0x00007ff983961000 	C:\WINDOWS\System32\kernel.appcore.dll
0x00007ff983990000 - 0x00007ff9839a7000 	C:\WINDOWS\System32\cryptsp.dll
0x00007ff9764d0000 - 0x00007ff9764ea000 	C:\Program Files\Android\Android Studio\jre\jre\bin\net.dll
0x00007ff983140000 - 0x00007ff9831a7000 	C:\WINDOWS\system32\mswsock.dll
0x00007ff9727c0000 - 0x00007ff9727d1000 	C:\Program Files\Android\Android Studio\jre\jre\bin\nio.dll
0x00007ff96ee60000 - 0x00007ff96ee86000 	C:\Users\kjh97\.gradle\native\29\windows-amd64\native-platform.dll
0x00007ff97cc60000 - 0x00007ff97cc6d000 	C:\Program Files\Android\Android Studio\jre\jre\bin\management.dll
0x00007ff982c80000 - 0x00007ff982cb3000 	C:\WINDOWS\system32\rsaenh.dll
0x00007ff984a80000 - 0x00007ff984aa6000 	C:\WINDOWS\System32\bcrypt.dll
0x00007ff9837c0000 - 0x00007ff9837e5000 	C:\WINDOWS\SYSTEM32\USERENV.dll
0x00007ff983310000 - 0x00007ff98331c000 	C:\WINDOWS\SYSTEM32\CRYPTBASE.dll
0x00007ff982e30000 - 0x00007ff982e6a000 	C:\WINDOWS\SYSTEM32\IPHLPAPI.DLL
0x00007ff986810000 - 0x00007ff986818000 	C:\WINDOWS\System32\NSI.dll
0x00007ff977670000 - 0x00007ff977686000 	C:\WINDOWS\SYSTEM32\dhcpcsvc6.DLL
0x00007ff977600000 - 0x00007ff97761c000 	C:\WINDOWS\SYSTEM32\dhcpcsvc.DLL
0x00007ff982e90000 - 0x00007ff982f5a000 	C:\WINDOWS\SYSTEM32\DNSAPI.dll

VM Arguments:
jvm_args: -Xmx1536m -Dfile.encoding=x-windows-949 -Duser.country=KR -Duser.language=ko -Duser.variant 
java_command: org.gradle.launcher.daemon.bootstrap.GradleDaemon 5.4.1
java_class_path (initial): C:\Users\kjh97\.gradle\wrapper\dists\gradle-5.4.1-all\3221gyojl5jsh0helicew7rwx\gradle-5.4.1\lib\gradle-launcher-5.4.1.jar
Launcher Type: SUN_STANDARD

Environment Variables:
PATH=C:\Program Files (x86)\Common Files\Oracle\Java\javapath;C:\Program Files (x86)\Intel\iCLS Client\;C:\Program Files\Intel\iCLS Client\;C:\WINDOWS\system32;C:\WINDOWS;C:\WINDOWS\System32\Wbem;C:\WINDOWS\System32\WindowsPowerShell\v1.0\;C:\Program Files (x86)\Intel\Intel(R) Management Engine Components\DAL;C:\Program Files\Intel\Intel(R) Management Engine Components\DAL;C:\Program Files (x86)\Intel\Intel(R) Management Engine Components\IPT;C:\Program Files\Intel\Intel(R) Management Engine Components\IPT;C:\Program Files\Intel\WiFi\bin\;C:\Program Files\Common Files\Intel\WirelessCommon\;C:\Program Files\dotnet\;C:\WINDOWS\System32\OpenSSH\;C:\Program Files (x86)\Windows Kits\10\Windows Performance Toolkit\;C:\Users\kjh97\Anaconda3;C:\Users\kjh97\Anaconda3\Library\mingw-w64\bin;C:\Users\kjh97\Anaconda3\Library\usr\bin;C:\Users\kjh97\Anaconda3\Library\bin;C:\Users\kjh97\Anaconda3\Scripts;C:\Users\kjh97\AppData\Local\Programs\Python\Python36\Scripts\;C:\Users\kjh97\AppData\Local\Programs\Python\Python36\;C:\Users\kjh97\AppData\Local\Microsoft\WindowsApps;C:\Program Files\JetBrains\PyCharm 2019.2.2\bin;C:\Program Files\JetBrains\PyCharm Community Edition 2019.2.2\bin;C:\Users\kjh97\AppData\Local\Google\Cloud SDK\google-cloud-sdk\bin;C:\Users\kjh97\AppData\Local\GitHubDesktop\bin
USERNAME=kjh97
OS=Windows_NT
PROCESSOR_IDENTIFIER=Intel64 Family 6 Model 142 Stepping 9, GenuineIntel



---------------  S Y S T E M  ---------------

OS: Windows 10.0 , 64 bit Build 18362 (10.0.18362.329)

CPU:total 4 (initial active 4) (2 cores per cpu, 2 threads per core) family 6 model 142 stepping 9, cmov, cx8, fxsr, mmx, sse, sse2, sse3, ssse3, sse4.1, sse4.2, popcnt, avx, avx2, aes, clmul, erms, 3dnowpref, lzcnt, ht, tsc, tscinvbit, bmi1, bmi2, adx

Memory: 4k page, physical 8296604k(863100k free), swap 8296604k(5512k free)

vm_info: OpenJDK 64-Bit Server VM (25.202-b03) for windows-amd64 JRE (1.8.0_202-release-1483-b03), built by "builder" with MS VC++ 10.0 (VS2010)

time: Wed Jan 22 08:45:47 2020
timezone: 대한민국 표준시
elapsed time: 27 seconds (0d 0h 0m 27s)

